{"id":1730832969,"actors":{"29586":{"id":29586,"lastSeenTime":1730832967434,"testSessionId":1730832969,"type":"ACTOR1","tags":[],"_id":"mnGA96htOPrkjmjM","ip":"::ffff:127.0.0.1","tests":[{"currentSegmentIndex":1,"segments":[{"index":0,"status":"completed","timeStarted":1730832973005,"timeCompleted":1730832973016,"result":"passed"},{"index":1,"status":"completed","timeStarted":1730832973033,"timeCompleted":1730832973084,"result":"failed"}],"name":"logueo-mail","path":"logueo-mail","timeCompleted":null,"timeStarted":1730832973005}]}},"maxIterations":"1","currentIteration":1,"currentTestIndex":1,"currentSegmentIndex":0,"label":"oneApp-login 7","result":"failed","status":"completed","tests":[{"actions":[{"actorType":"ACTOR1","isCheckpoint":false,"durationMs":0,"macroStack":[],"result":"failed","segment":1,"stackTrace":"java.lang.RuntimeException: There was an error while evaluating property \"url\"\r\n\tat org.getopentest.base.TestActor.evalObject(TestActor.java:1398)\r\n\tat org.getopentest.base.TestActor.executeActionByDef(TestActor.java:1699)\r\n\tat org.getopentest.base.TestActor.executeTestSegment(TestActor.java:2092)\r\n\tat org.getopentest.base.TestActor.runOneSession(TestActor.java:3077)\r\n\tat org.getopentest.base.TestActor.runOneSession(TestActor.java:3113)\r\n\tat org.getopentest.Main.main(Main.java:20)\r\nCaused by: java.lang.RuntimeException: Failed to evaluate JavaScript code at line number ?. The script content was: \n$dataRecord.url.LoginOneAppPROD.url\r\n\tat org.getopentest.base.TestActor.evalScript(TestActor.java:1490)\r\n\tat org.getopentest.base.TestActor.evalString(TestActor.java:1515)\r\n\tat org.getopentest.base.TestActor.evalObject(TestActor.java:1438)\r\n\tat org.getopentest.base.TestActor.evalObject(TestActor.java:1395)\r\n\t... 5 more\r\nCaused by: javax.script.ScriptException: ReferenceError: \"$dataRecord\" is not defined in <eval> at line number 1\r\n\tat jdk.scripting.nashorn/jdk.nashorn.api.scripting.NashornScriptEngine.throwAsScriptException(NashornScriptEngine.java:477)\r\n\tat jdk.scripting.nashorn/jdk.nashorn.api.scripting.NashornScriptEngine.evalImpl(NashornScriptEngine.java:461)\r\n\tat jdk.scripting.nashorn/jdk.nashorn.api.scripting.NashornScriptEngine.evalImpl(NashornScriptEngine.java:413)\r\n\tat jdk.scripting.nashorn/jdk.nashorn.api.scripting.NashornScriptEngine.evalImpl(NashornScriptEngine.java:409)\r\n\tat jdk.scripting.nashorn/jdk.nashorn.api.scripting.NashornScriptEngine.eval(NashornScriptEngine.java:162)\r\n\tat java.scripting/javax.script.AbstractScriptEngine.eval(AbstractScriptEngine.java:264)\r\n\tat org.getopentest.base.TestActor.evalScript(TestActor.java:1476)\r\n\t... 8 more\r\nCaused by: <eval>:1 ReferenceError: \"$dataRecord\" is not defined\r\n\tat jdk.scripting.nashorn/jdk.nashorn.internal.runtime.ECMAErrors.error(ECMAErrors.java:57)\r\n\tat jdk.scripting.nashorn/jdk.nashorn.internal.runtime.ECMAErrors.referenceError(ECMAErrors.java:319)\r\n\tat jdk.scripting.nashorn/jdk.nashorn.internal.runtime.ECMAErrors.referenceError(ECMAErrors.java:291)\r\n\tat jdk.scripting.nashorn/jdk.nashorn.internal.objects.Global.__noSuchProperty__(Global.java:1621)\r\n\tat jdk.scripting.nashorn.scripts/jdk.nashorn.internal.scripts.Script$Recompilation$167$\\^eval\\_/0x00000001003d5040.:program(<eval>:1)\r\n\tat jdk.scripting.nashorn/jdk.nashorn.internal.runtime.ScriptFunctionData.invoke(ScriptFunctionData.java:655)\r\n\tat jdk.scripting.nashorn/jdk.nashorn.internal.runtime.ScriptFunction.invoke(ScriptFunction.java:513)\r\n\tat jdk.scripting.nashorn/jdk.nashorn.internal.runtime.ScriptRuntime.apply(ScriptRuntime.java:527)\r\n\tat jdk.scripting.nashorn/jdk.nashorn.api.scripting.NashornScriptEngine.evalImpl(NashornScriptEngine.java:456)\r\n\t... 13 more\r\n"}],"currentIteration":1,"currentSegmentIndex":0,"isDataDriven":true,"name":"logueo-mail","path":"logueo-mail","result":"failed","status":"completed","segments":[{"index":0,"result":"passed","status":"completed","timeStarted":1730832973005,"timeCompleted":1730832973016},{"index":1,"result":"failed","status":"completed","timeStarted":1730832973033,"timeCompleted":1730832973084}],"tags":[],"currentDataRecordIndex":0,"timeStarted":1730832973005,"subtests":[{"actions":[{"actorType":"ACTOR1","isCheckpoint":false,"durationMs":0,"macroStack":[],"result":"failed","segment":1,"stackTrace":"java.lang.RuntimeException: There was an error while evaluating property \"url\"\r\n\tat org.getopentest.base.TestActor.evalObject(TestActor.java:1398)\r\n\tat org.getopentest.base.TestActor.executeActionByDef(TestActor.java:1699)\r\n\tat org.getopentest.base.TestActor.executeTestSegment(TestActor.java:2092)\r\n\tat org.getopentest.base.TestActor.runOneSession(TestActor.java:3077)\r\n\tat org.getopentest.base.TestActor.runOneSession(TestActor.java:3113)\r\n\tat org.getopentest.Main.main(Main.java:20)\r\nCaused by: java.lang.RuntimeException: Failed to evaluate JavaScript code at line number ?. The script content was: \n$dataRecord.url.LoginOneAppPROD.url\r\n\tat org.getopentest.base.TestActor.evalScript(TestActor.java:1490)\r\n\tat org.getopentest.base.TestActor.evalString(TestActor.java:1515)\r\n\tat org.getopentest.base.TestActor.evalObject(TestActor.java:1438)\r\n\tat org.getopentest.base.TestActor.evalObject(TestActor.java:1395)\r\n\t... 5 more\r\nCaused by: javax.script.ScriptException: ReferenceError: \"$dataRecord\" is not defined in <eval> at line number 1\r\n\tat jdk.scripting.nashorn/jdk.nashorn.api.scripting.NashornScriptEngine.throwAsScriptException(NashornScriptEngine.java:477)\r\n\tat jdk.scripting.nashorn/jdk.nashorn.api.scripting.NashornScriptEngine.evalImpl(NashornScriptEngine.java:461)\r\n\tat jdk.scripting.nashorn/jdk.nashorn.api.scripting.NashornScriptEngine.evalImpl(NashornScriptEngine.java:413)\r\n\tat jdk.scripting.nashorn/jdk.nashorn.api.scripting.NashornScriptEngine.evalImpl(NashornScriptEngine.java:409)\r\n\tat jdk.scripting.nashorn/jdk.nashorn.api.scripting.NashornScriptEngine.eval(NashornScriptEngine.java:162)\r\n\tat java.scripting/javax.script.AbstractScriptEngine.eval(AbstractScriptEngine.java:264)\r\n\tat org.getopentest.base.TestActor.evalScript(TestActor.java:1476)\r\n\t... 8 more\r\nCaused by: <eval>:1 ReferenceError: \"$dataRecord\" is not defined\r\n\tat jdk.scripting.nashorn/jdk.nashorn.internal.runtime.ECMAErrors.error(ECMAErrors.java:57)\r\n\tat jdk.scripting.nashorn/jdk.nashorn.internal.runtime.ECMAErrors.referenceError(ECMAErrors.java:319)\r\n\tat jdk.scripting.nashorn/jdk.nashorn.internal.runtime.ECMAErrors.referenceError(ECMAErrors.java:291)\r\n\tat jdk.scripting.nashorn/jdk.nashorn.internal.objects.Global.__noSuchProperty__(Global.java:1621)\r\n\tat jdk.scripting.nashorn.scripts/jdk.nashorn.internal.scripts.Script$Recompilation$167$\\^eval\\_/0x00000001003d5040.:program(<eval>:1)\r\n\tat jdk.scripting.nashorn/jdk.nashorn.internal.runtime.ScriptFunctionData.invoke(ScriptFunctionData.java:655)\r\n\tat jdk.scripting.nashorn/jdk.nashorn.internal.runtime.ScriptFunction.invoke(ScriptFunction.java:513)\r\n\tat jdk.scripting.nashorn/jdk.nashorn.internal.runtime.ScriptRuntime.apply(ScriptRuntime.java:527)\r\n\tat jdk.scripting.nashorn/jdk.nashorn.api.scripting.NashornScriptEngine.evalImpl(NashornScriptEngine.java:456)\r\n\t... 13 more\r\n"}],"currentIteration":1,"result":"failed","status":"completed","segments":[{"index":0,"result":"passed","status":"completed","timeStarted":1730832973005,"timeCompleted":1730832973016},{"index":1,"result":"failed","status":"completed","timeStarted":1730832973033,"timeCompleted":1730832973084}],"currentDataRecordIndex":0,"timeStarted":1730832973005,"timeCompleted":1730832973084}],"timeCompleted":1730832973084}],"timeCreated":1730832969362,"timeStarted":1730832973005,"timeCompleted":1730832973084,"lastActivity":1730832973075,"_id":"4713mIQnKNfnQEAV","actorTags":[],"environment":"","currentDataRecordIndex":-1}
{"id":1730832843,"actors":{"29586":{"id":29586,"lastSeenTime":1730832841935,"testSessionId":1730832843,"type":"ACTOR1","tags":[],"_id":"mnGA96htOPrkjmjM","ip":"::ffff:127.0.0.1","tests":[{"currentSegmentIndex":1,"segments":[{"index":0,"status":"completed","timeStarted":1730832850150,"timeCompleted":1730832850161,"result":"passed"},{"index":1,"status":"completed","timeStarted":1730832850177,"timeCompleted":1730832850219,"result":"failed"}],"name":"logueo-mail","path":"logueo-mail","timeCompleted":null,"timeStarted":1730832850150}]}},"maxIterations":"1","currentIteration":1,"currentTestIndex":1,"currentSegmentIndex":0,"label":"oneApp-login 6","result":"failed","status":"completed","tests":[{"actions":[{"actorType":"ACTOR1","isCheckpoint":false,"durationMs":0,"macroStack":[],"result":"failed","segment":1,"stackTrace":"java.lang.RuntimeException: There was an error while evaluating property \"url\"\r\n\tat org.getopentest.base.TestActor.evalObject(TestActor.java:1398)\r\n\tat org.getopentest.base.TestActor.executeActionByDef(TestActor.java:1699)\r\n\tat org.getopentest.base.TestActor.executeTestSegment(TestActor.java:2092)\r\n\tat org.getopentest.base.TestActor.runOneSession(TestActor.java:3077)\r\n\tat org.getopentest.base.TestActor.runOneSession(TestActor.java:3113)\r\n\tat org.getopentest.Main.main(Main.java:20)\r\nCaused by: java.lang.RuntimeException: Failed to evaluate JavaScript code at line number ?. The script content was: \n$dataRecord.url.LoginOneAppPROD.url\r\n\tat org.getopentest.base.TestActor.evalScript(TestActor.java:1490)\r\n\tat org.getopentest.base.TestActor.evalString(TestActor.java:1515)\r\n\tat org.getopentest.base.TestActor.evalObject(TestActor.java:1438)\r\n\tat org.getopentest.base.TestActor.evalObject(TestActor.java:1395)\r\n\t... 5 more\r\nCaused by: javax.script.ScriptException: ReferenceError: \"$dataRecord\" is not defined in <eval> at line number 1\r\n\tat jdk.scripting.nashorn/jdk.nashorn.api.scripting.NashornScriptEngine.throwAsScriptException(NashornScriptEngine.java:477)\r\n\tat jdk.scripting.nashorn/jdk.nashorn.api.scripting.NashornScriptEngine.evalImpl(NashornScriptEngine.java:461)\r\n\tat jdk.scripting.nashorn/jdk.nashorn.api.scripting.NashornScriptEngine.evalImpl(NashornScriptEngine.java:413)\r\n\tat jdk.scripting.nashorn/jdk.nashorn.api.scripting.NashornScriptEngine.evalImpl(NashornScriptEngine.java:409)\r\n\tat jdk.scripting.nashorn/jdk.nashorn.api.scripting.NashornScriptEngine.eval(NashornScriptEngine.java:162)\r\n\tat java.scripting/javax.script.AbstractScriptEngine.eval(AbstractScriptEngine.java:264)\r\n\tat org.getopentest.base.TestActor.evalScript(TestActor.java:1476)\r\n\t... 8 more\r\nCaused by: <eval>:1 ReferenceError: \"$dataRecord\" is not defined\r\n\tat jdk.scripting.nashorn/jdk.nashorn.internal.runtime.ECMAErrors.error(ECMAErrors.java:57)\r\n\tat jdk.scripting.nashorn/jdk.nashorn.internal.runtime.ECMAErrors.referenceError(ECMAErrors.java:319)\r\n\tat jdk.scripting.nashorn/jdk.nashorn.internal.runtime.ECMAErrors.referenceError(ECMAErrors.java:291)\r\n\tat jdk.scripting.nashorn/jdk.nashorn.internal.objects.Global.__noSuchProperty__(Global.java:1621)\r\n\tat jdk.scripting.nashorn.scripts/jdk.nashorn.internal.scripts.Script$Recompilation$153$\\^eval\\_/0x00000001003cdc40.:program(<eval>:1)\r\n\tat jdk.scripting.nashorn/jdk.nashorn.internal.runtime.ScriptFunctionData.invoke(ScriptFunctionData.java:655)\r\n\tat jdk.scripting.nashorn/jdk.nashorn.internal.runtime.ScriptFunction.invoke(ScriptFunction.java:513)\r\n\tat jdk.scripting.nashorn/jdk.nashorn.internal.runtime.ScriptRuntime.apply(ScriptRuntime.java:527)\r\n\tat jdk.scripting.nashorn/jdk.nashorn.api.scripting.NashornScriptEngine.evalImpl(NashornScriptEngine.java:456)\r\n\t... 13 more\r\n"}],"currentIteration":1,"currentSegmentIndex":0,"isDataDriven":true,"name":"logueo-mail","path":"logueo-mail","result":"failed","status":"completed","segments":[{"index":0,"result":"passed","status":"completed","timeStarted":1730832850150,"timeCompleted":1730832850161},{"index":1,"result":"failed","status":"completed","timeStarted":1730832850177,"timeCompleted":1730832850219}],"tags":[],"currentDataRecordIndex":0,"timeStarted":1730832850150,"subtests":[{"actions":[{"actorType":"ACTOR1","isCheckpoint":false,"durationMs":0,"macroStack":[],"result":"failed","segment":1,"stackTrace":"java.lang.RuntimeException: There was an error while evaluating property \"url\"\r\n\tat org.getopentest.base.TestActor.evalObject(TestActor.java:1398)\r\n\tat org.getopentest.base.TestActor.executeActionByDef(TestActor.java:1699)\r\n\tat org.getopentest.base.TestActor.executeTestSegment(TestActor.java:2092)\r\n\tat org.getopentest.base.TestActor.runOneSession(TestActor.java:3077)\r\n\tat org.getopentest.base.TestActor.runOneSession(TestActor.java:3113)\r\n\tat org.getopentest.Main.main(Main.java:20)\r\nCaused by: java.lang.RuntimeException: Failed to evaluate JavaScript code at line number ?. The script content was: \n$dataRecord.url.LoginOneAppPROD.url\r\n\tat org.getopentest.base.TestActor.evalScript(TestActor.java:1490)\r\n\tat org.getopentest.base.TestActor.evalString(TestActor.java:1515)\r\n\tat org.getopentest.base.TestActor.evalObject(TestActor.java:1438)\r\n\tat org.getopentest.base.TestActor.evalObject(TestActor.java:1395)\r\n\t... 5 more\r\nCaused by: javax.script.ScriptException: ReferenceError: \"$dataRecord\" is not defined in <eval> at line number 1\r\n\tat jdk.scripting.nashorn/jdk.nashorn.api.scripting.NashornScriptEngine.throwAsScriptException(NashornScriptEngine.java:477)\r\n\tat jdk.scripting.nashorn/jdk.nashorn.api.scripting.NashornScriptEngine.evalImpl(NashornScriptEngine.java:461)\r\n\tat jdk.scripting.nashorn/jdk.nashorn.api.scripting.NashornScriptEngine.evalImpl(NashornScriptEngine.java:413)\r\n\tat jdk.scripting.nashorn/jdk.nashorn.api.scripting.NashornScriptEngine.evalImpl(NashornScriptEngine.java:409)\r\n\tat jdk.scripting.nashorn/jdk.nashorn.api.scripting.NashornScriptEngine.eval(NashornScriptEngine.java:162)\r\n\tat java.scripting/javax.script.AbstractScriptEngine.eval(AbstractScriptEngine.java:264)\r\n\tat org.getopentest.base.TestActor.evalScript(TestActor.java:1476)\r\n\t... 8 more\r\nCaused by: <eval>:1 ReferenceError: \"$dataRecord\" is not defined\r\n\tat jdk.scripting.nashorn/jdk.nashorn.internal.runtime.ECMAErrors.error(ECMAErrors.java:57)\r\n\tat jdk.scripting.nashorn/jdk.nashorn.internal.runtime.ECMAErrors.referenceError(ECMAErrors.java:319)\r\n\tat jdk.scripting.nashorn/jdk.nashorn.internal.runtime.ECMAErrors.referenceError(ECMAErrors.java:291)\r\n\tat jdk.scripting.nashorn/jdk.nashorn.internal.objects.Global.__noSuchProperty__(Global.java:1621)\r\n\tat jdk.scripting.nashorn.scripts/jdk.nashorn.internal.scripts.Script$Recompilation$153$\\^eval\\_/0x00000001003cdc40.:program(<eval>:1)\r\n\tat jdk.scripting.nashorn/jdk.nashorn.internal.runtime.ScriptFunctionData.invoke(ScriptFunctionData.java:655)\r\n\tat jdk.scripting.nashorn/jdk.nashorn.internal.runtime.ScriptFunction.invoke(ScriptFunction.java:513)\r\n\tat jdk.scripting.nashorn/jdk.nashorn.internal.runtime.ScriptRuntime.apply(ScriptRuntime.java:527)\r\n\tat jdk.scripting.nashorn/jdk.nashorn.api.scripting.NashornScriptEngine.evalImpl(NashornScriptEngine.java:456)\r\n\t... 13 more\r\n"}],"currentIteration":1,"result":"failed","status":"completed","segments":[{"index":0,"result":"passed","status":"completed","timeStarted":1730832850150,"timeCompleted":1730832850161},{"index":1,"result":"failed","status":"completed","timeStarted":1730832850177,"timeCompleted":1730832850219}],"currentDataRecordIndex":0,"timeStarted":1730832850150,"timeCompleted":1730832850219}],"timeCompleted":1730832850219}],"timeCreated":1730832843087,"timeStarted":1730832850150,"timeCompleted":1730832850220,"lastActivity":1730832850216,"_id":"BG6rfbblemAjWMRT","actorTags":[],"environment":"","currentDataRecordIndex":-1}
{"id":1730834059,"actors":{"29586":{"id":29586,"lastSeenTime":1730834056646,"testSessionId":1730834059,"type":"ACTOR1","tags":[],"_id":"mnGA96htOPrkjmjM","ip":"::ffff:127.0.0.1","tests":[{"currentSegmentIndex":1,"segments":[{"index":0,"status":"completed","timeStarted":1730834064115,"timeCompleted":1730834064125,"result":"passed"},{"index":1,"status":"completed","timeStarted":1730834064147,"timeCompleted":1730834064162,"result":"failed"}],"name":"logueo-mail","path":"logueo-mail","timeCompleted":null,"timeStarted":1730834064115}]}},"maxIterations":"1","currentIteration":1,"currentTestIndex":1,"currentSegmentIndex":0,"label":"oneApp-login 11","result":"failed","status":"completed","tests":[{"actions":[{"actorType":"ACTOR1","isCheckpoint":false,"durationMs":0,"macroStack":[],"result":"failed","segment":1,"stackTrace":"java.lang.RuntimeException: There was an error while evaluating property \"url\"\r\n\tat org.getopentest.base.TestActor.evalObject(TestActor.java:1398)\r\n\tat org.getopentest.base.TestActor.executeActionByDef(TestActor.java:1699)\r\n\tat org.getopentest.base.TestActor.executeTestSegment(TestActor.java:2092)\r\n\tat org.getopentest.base.TestActor.runOneSession(TestActor.java:3077)\r\n\tat org.getopentest.base.TestActor.runOneSession(TestActor.java:3113)\r\n\tat org.getopentest.Main.main(Main.java:20)\r\nCaused by: java.lang.RuntimeException: Failed to evaluate JavaScript code at line number ?. The script content was: \n$dataRecord.url\r\n\tat org.getopentest.base.TestActor.evalScript(TestActor.java:1490)\r\n\tat org.getopentest.base.TestActor.evalString(TestActor.java:1515)\r\n\tat org.getopentest.base.TestActor.evalObject(TestActor.java:1438)\r\n\tat org.getopentest.base.TestActor.evalObject(TestActor.java:1395)\r\n\t... 5 more\r\nCaused by: javax.script.ScriptException: ReferenceError: \"$dataRecord\" is not defined in <eval> at line number 1\r\n\tat jdk.scripting.nashorn/jdk.nashorn.api.scripting.NashornScriptEngine.throwAsScriptException(NashornScriptEngine.java:477)\r\n\tat jdk.scripting.nashorn/jdk.nashorn.api.scripting.NashornScriptEngine.evalImpl(NashornScriptEngine.java:461)\r\n\tat jdk.scripting.nashorn/jdk.nashorn.api.scripting.NashornScriptEngine.evalImpl(NashornScriptEngine.java:413)\r\n\tat jdk.scripting.nashorn/jdk.nashorn.api.scripting.NashornScriptEngine.evalImpl(NashornScriptEngine.java:409)\r\n\tat jdk.scripting.nashorn/jdk.nashorn.api.scripting.NashornScriptEngine.eval(NashornScriptEngine.java:162)\r\n\tat java.scripting/javax.script.AbstractScriptEngine.eval(AbstractScriptEngine.java:264)\r\n\tat org.getopentest.base.TestActor.evalScript(TestActor.java:1476)\r\n\t... 8 more\r\nCaused by: <eval>:1 ReferenceError: \"$dataRecord\" is not defined\r\n\tat jdk.scripting.nashorn/jdk.nashorn.internal.runtime.ECMAErrors.error(ECMAErrors.java:57)\r\n\tat jdk.scripting.nashorn/jdk.nashorn.internal.runtime.ECMAErrors.referenceError(ECMAErrors.java:319)\r\n\tat jdk.scripting.nashorn/jdk.nashorn.internal.runtime.ECMAErrors.referenceError(ECMAErrors.java:291)\r\n\tat jdk.scripting.nashorn/jdk.nashorn.internal.objects.Global.__noSuchProperty__(Global.java:1621)\r\n\tat jdk.scripting.nashorn.scripts/jdk.nashorn.internal.scripts.Script$Recompilation$219$\\^eval\\_/0x00000001003f3840.:program(<eval>:1)\r\n\tat jdk.scripting.nashorn/jdk.nashorn.internal.runtime.ScriptFunctionData.invoke(ScriptFunctionData.java:655)\r\n\tat jdk.scripting.nashorn/jdk.nashorn.internal.runtime.ScriptFunction.invoke(ScriptFunction.java:513)\r\n\tat jdk.scripting.nashorn/jdk.nashorn.internal.runtime.ScriptRuntime.apply(ScriptRuntime.java:527)\r\n\tat jdk.scripting.nashorn/jdk.nashorn.api.scripting.NashornScriptEngine.evalImpl(NashornScriptEngine.java:456)\r\n\t... 13 more\r\n"}],"currentIteration":1,"currentSegmentIndex":0,"isDataDriven":true,"name":"logueo-mail","path":"logueo-mail","result":"failed","status":"completed","segments":[{"index":0,"result":"passed","status":"completed","timeStarted":1730834064115,"timeCompleted":1730834064125},{"index":1,"result":"failed","status":"completed","timeStarted":1730834064147,"timeCompleted":1730834064162}],"tags":[],"currentDataRecordIndex":0,"timeStarted":1730834064115,"subtests":[{"actions":[{"actorType":"ACTOR1","isCheckpoint":false,"durationMs":0,"macroStack":[],"result":"failed","segment":1,"stackTrace":"java.lang.RuntimeException: There was an error while evaluating property \"url\"\r\n\tat org.getopentest.base.TestActor.evalObject(TestActor.java:1398)\r\n\tat org.getopentest.base.TestActor.executeActionByDef(TestActor.java:1699)\r\n\tat org.getopentest.base.TestActor.executeTestSegment(TestActor.java:2092)\r\n\tat org.getopentest.base.TestActor.runOneSession(TestActor.java:3077)\r\n\tat org.getopentest.base.TestActor.runOneSession(TestActor.java:3113)\r\n\tat org.getopentest.Main.main(Main.java:20)\r\nCaused by: java.lang.RuntimeException: Failed to evaluate JavaScript code at line number ?. The script content was: \n$dataRecord.url\r\n\tat org.getopentest.base.TestActor.evalScript(TestActor.java:1490)\r\n\tat org.getopentest.base.TestActor.evalString(TestActor.java:1515)\r\n\tat org.getopentest.base.TestActor.evalObject(TestActor.java:1438)\r\n\tat org.getopentest.base.TestActor.evalObject(TestActor.java:1395)\r\n\t... 5 more\r\nCaused by: javax.script.ScriptException: ReferenceError: \"$dataRecord\" is not defined in <eval> at line number 1\r\n\tat jdk.scripting.nashorn/jdk.nashorn.api.scripting.NashornScriptEngine.throwAsScriptException(NashornScriptEngine.java:477)\r\n\tat jdk.scripting.nashorn/jdk.nashorn.api.scripting.NashornScriptEngine.evalImpl(NashornScriptEngine.java:461)\r\n\tat jdk.scripting.nashorn/jdk.nashorn.api.scripting.NashornScriptEngine.evalImpl(NashornScriptEngine.java:413)\r\n\tat jdk.scripting.nashorn/jdk.nashorn.api.scripting.NashornScriptEngine.evalImpl(NashornScriptEngine.java:409)\r\n\tat jdk.scripting.nashorn/jdk.nashorn.api.scripting.NashornScriptEngine.eval(NashornScriptEngine.java:162)\r\n\tat java.scripting/javax.script.AbstractScriptEngine.eval(AbstractScriptEngine.java:264)\r\n\tat org.getopentest.base.TestActor.evalScript(TestActor.java:1476)\r\n\t... 8 more\r\nCaused by: <eval>:1 ReferenceError: \"$dataRecord\" is not defined\r\n\tat jdk.scripting.nashorn/jdk.nashorn.internal.runtime.ECMAErrors.error(ECMAErrors.java:57)\r\n\tat jdk.scripting.nashorn/jdk.nashorn.internal.runtime.ECMAErrors.referenceError(ECMAErrors.java:319)\r\n\tat jdk.scripting.nashorn/jdk.nashorn.internal.runtime.ECMAErrors.referenceError(ECMAErrors.java:291)\r\n\tat jdk.scripting.nashorn/jdk.nashorn.internal.objects.Global.__noSuchProperty__(Global.java:1621)\r\n\tat jdk.scripting.nashorn.scripts/jdk.nashorn.internal.scripts.Script$Recompilation$219$\\^eval\\_/0x00000001003f3840.:program(<eval>:1)\r\n\tat jdk.scripting.nashorn/jdk.nashorn.internal.runtime.ScriptFunctionData.invoke(ScriptFunctionData.java:655)\r\n\tat jdk.scripting.nashorn/jdk.nashorn.internal.runtime.ScriptFunction.invoke(ScriptFunction.java:513)\r\n\tat jdk.scripting.nashorn/jdk.nashorn.internal.runtime.ScriptRuntime.apply(ScriptRuntime.java:527)\r\n\tat jdk.scripting.nashorn/jdk.nashorn.api.scripting.NashornScriptEngine.evalImpl(NashornScriptEngine.java:456)\r\n\t... 13 more\r\n"}],"currentIteration":1,"result":"failed","status":"completed","segments":[{"index":0,"result":"passed","status":"completed","timeStarted":1730834064115,"timeCompleted":1730834064125},{"index":1,"result":"failed","status":"completed","timeStarted":1730834064147,"timeCompleted":1730834064162}],"currentDataRecordIndex":0,"timeStarted":1730834064115,"timeCompleted":1730834064162}],"timeCompleted":1730834064162}],"timeCreated":1730834059424,"timeStarted":1730834064115,"timeCompleted":1730834064162,"lastActivity":1730834064161,"_id":"GaojPCFcyaQSqzv0","actorTags":[],"environment":"","currentDataRecordIndex":-1}
{"id":1730833683,"actors":{"29586":{"id":29586,"lastSeenTime":1730833680025,"testSessionId":1730833683,"type":"ACTOR1","tags":[],"_id":"mnGA96htOPrkjmjM","ip":"::ffff:127.0.0.1","tests":[{"currentSegmentIndex":1,"segments":[{"index":0,"status":"completed","timeStarted":1730833687711,"timeCompleted":1730833687721,"result":"passed"},{"index":1,"status":"completed","timeStarted":1730833687741,"timeCompleted":1730833687782,"result":"failed"}],"name":"logueo-mail","path":"logueo-mail","timeCompleted":null,"timeStarted":1730833687711}]}},"maxIterations":"1","currentIteration":1,"currentTestIndex":1,"currentSegmentIndex":0,"label":"oneApp-login 9","result":"failed","status":"completed","tests":[{"actions":[{"actorType":"ACTOR1","isCheckpoint":false,"durationMs":0,"macroStack":[],"result":"failed","segment":1,"stackTrace":"java.lang.RuntimeException: There was an error while evaluating property \"url\"\r\n\tat org.getopentest.base.TestActor.evalObject(TestActor.java:1398)\r\n\tat org.getopentest.base.TestActor.executeActionByDef(TestActor.java:1699)\r\n\tat org.getopentest.base.TestActor.executeTestSegment(TestActor.java:2092)\r\n\tat org.getopentest.base.TestActor.runOneSession(TestActor.java:3077)\r\n\tat org.getopentest.base.TestActor.runOneSession(TestActor.java:3113)\r\n\tat org.getopentest.Main.main(Main.java:20)\r\nCaused by: java.lang.RuntimeException: Failed to evaluate JavaScript code at line number ?. The script content was: \n$dataRecord.url.LoginOneAppPROD.url\r\n\tat org.getopentest.base.TestActor.evalScript(TestActor.java:1490)\r\n\tat org.getopentest.base.TestActor.evalString(TestActor.java:1515)\r\n\tat org.getopentest.base.TestActor.evalObject(TestActor.java:1438)\r\n\tat org.getopentest.base.TestActor.evalObject(TestActor.java:1395)\r\n\t... 5 more\r\nCaused by: javax.script.ScriptException: ReferenceError: \"$dataRecord\" is not defined in <eval> at line number 1\r\n\tat jdk.scripting.nashorn/jdk.nashorn.api.scripting.NashornScriptEngine.throwAsScriptException(NashornScriptEngine.java:477)\r\n\tat jdk.scripting.nashorn/jdk.nashorn.api.scripting.NashornScriptEngine.evalImpl(NashornScriptEngine.java:461)\r\n\tat jdk.scripting.nashorn/jdk.nashorn.api.scripting.NashornScriptEngine.evalImpl(NashornScriptEngine.java:413)\r\n\tat jdk.scripting.nashorn/jdk.nashorn.api.scripting.NashornScriptEngine.evalImpl(NashornScriptEngine.java:409)\r\n\tat jdk.scripting.nashorn/jdk.nashorn.api.scripting.NashornScriptEngine.eval(NashornScriptEngine.java:162)\r\n\tat java.scripting/javax.script.AbstractScriptEngine.eval(AbstractScriptEngine.java:264)\r\n\tat org.getopentest.base.TestActor.evalScript(TestActor.java:1476)\r\n\t... 8 more\r\nCaused by: <eval>:1 ReferenceError: \"$dataRecord\" is not defined\r\n\tat jdk.scripting.nashorn/jdk.nashorn.internal.runtime.ECMAErrors.error(ECMAErrors.java:57)\r\n\tat jdk.scripting.nashorn/jdk.nashorn.internal.runtime.ECMAErrors.referenceError(ECMAErrors.java:319)\r\n\tat jdk.scripting.nashorn/jdk.nashorn.internal.runtime.ECMAErrors.referenceError(ECMAErrors.java:291)\r\n\tat jdk.scripting.nashorn/jdk.nashorn.internal.objects.Global.__noSuchProperty__(Global.java:1621)\r\n\tat jdk.scripting.nashorn.scripts/jdk.nashorn.internal.scripts.Script$Recompilation$195$\\^eval\\_/0x00000001003ec040.:program(<eval>:1)\r\n\tat jdk.scripting.nashorn/jdk.nashorn.internal.runtime.ScriptFunctionData.invoke(ScriptFunctionData.java:655)\r\n\tat jdk.scripting.nashorn/jdk.nashorn.internal.runtime.ScriptFunction.invoke(ScriptFunction.java:513)\r\n\tat jdk.scripting.nashorn/jdk.nashorn.internal.runtime.ScriptRuntime.apply(ScriptRuntime.java:527)\r\n\tat jdk.scripting.nashorn/jdk.nashorn.api.scripting.NashornScriptEngine.evalImpl(NashornScriptEngine.java:456)\r\n\t... 13 more\r\n"}],"currentIteration":1,"currentSegmentIndex":0,"isDataDriven":true,"name":"logueo-mail","path":"logueo-mail","result":"failed","status":"completed","segments":[{"index":0,"result":"passed","status":"completed","timeStarted":1730833687711,"timeCompleted":1730833687721},{"index":1,"result":"failed","status":"completed","timeStarted":1730833687741,"timeCompleted":1730833687782}],"tags":[],"currentDataRecordIndex":0,"timeStarted":1730833687711,"subtests":[{"actions":[{"actorType":"ACTOR1","isCheckpoint":false,"durationMs":0,"macroStack":[],"result":"failed","segment":1,"stackTrace":"java.lang.RuntimeException: There was an error while evaluating property \"url\"\r\n\tat org.getopentest.base.TestActor.evalObject(TestActor.java:1398)\r\n\tat org.getopentest.base.TestActor.executeActionByDef(TestActor.java:1699)\r\n\tat org.getopentest.base.TestActor.executeTestSegment(TestActor.java:2092)\r\n\tat org.getopentest.base.TestActor.runOneSession(TestActor.java:3077)\r\n\tat org.getopentest.base.TestActor.runOneSession(TestActor.java:3113)\r\n\tat org.getopentest.Main.main(Main.java:20)\r\nCaused by: java.lang.RuntimeException: Failed to evaluate JavaScript code at line number ?. The script content was: \n$dataRecord.url.LoginOneAppPROD.url\r\n\tat org.getopentest.base.TestActor.evalScript(TestActor.java:1490)\r\n\tat org.getopentest.base.TestActor.evalString(TestActor.java:1515)\r\n\tat org.getopentest.base.TestActor.evalObject(TestActor.java:1438)\r\n\tat org.getopentest.base.TestActor.evalObject(TestActor.java:1395)\r\n\t... 5 more\r\nCaused by: javax.script.ScriptException: ReferenceError: \"$dataRecord\" is not defined in <eval> at line number 1\r\n\tat jdk.scripting.nashorn/jdk.nashorn.api.scripting.NashornScriptEngine.throwAsScriptException(NashornScriptEngine.java:477)\r\n\tat jdk.scripting.nashorn/jdk.nashorn.api.scripting.NashornScriptEngine.evalImpl(NashornScriptEngine.java:461)\r\n\tat jdk.scripting.nashorn/jdk.nashorn.api.scripting.NashornScriptEngine.evalImpl(NashornScriptEngine.java:413)\r\n\tat jdk.scripting.nashorn/jdk.nashorn.api.scripting.NashornScriptEngine.evalImpl(NashornScriptEngine.java:409)\r\n\tat jdk.scripting.nashorn/jdk.nashorn.api.scripting.NashornScriptEngine.eval(NashornScriptEngine.java:162)\r\n\tat java.scripting/javax.script.AbstractScriptEngine.eval(AbstractScriptEngine.java:264)\r\n\tat org.getopentest.base.TestActor.evalScript(TestActor.java:1476)\r\n\t... 8 more\r\nCaused by: <eval>:1 ReferenceError: \"$dataRecord\" is not defined\r\n\tat jdk.scripting.nashorn/jdk.nashorn.internal.runtime.ECMAErrors.error(ECMAErrors.java:57)\r\n\tat jdk.scripting.nashorn/jdk.nashorn.internal.runtime.ECMAErrors.referenceError(ECMAErrors.java:319)\r\n\tat jdk.scripting.nashorn/jdk.nashorn.internal.runtime.ECMAErrors.referenceError(ECMAErrors.java:291)\r\n\tat jdk.scripting.nashorn/jdk.nashorn.internal.objects.Global.__noSuchProperty__(Global.java:1621)\r\n\tat jdk.scripting.nashorn.scripts/jdk.nashorn.internal.scripts.Script$Recompilation$195$\\^eval\\_/0x00000001003ec040.:program(<eval>:1)\r\n\tat jdk.scripting.nashorn/jdk.nashorn.internal.runtime.ScriptFunctionData.invoke(ScriptFunctionData.java:655)\r\n\tat jdk.scripting.nashorn/jdk.nashorn.internal.runtime.ScriptFunction.invoke(ScriptFunction.java:513)\r\n\tat jdk.scripting.nashorn/jdk.nashorn.internal.runtime.ScriptRuntime.apply(ScriptRuntime.java:527)\r\n\tat jdk.scripting.nashorn/jdk.nashorn.api.scripting.NashornScriptEngine.evalImpl(NashornScriptEngine.java:456)\r\n\t... 13 more\r\n"}],"currentIteration":1,"result":"failed","status":"completed","segments":[{"index":0,"result":"passed","status":"completed","timeStarted":1730833687711,"timeCompleted":1730833687721},{"index":1,"result":"failed","status":"completed","timeStarted":1730833687741,"timeCompleted":1730833687782}],"currentDataRecordIndex":0,"timeStarted":1730833687711,"timeCompleted":1730833687782}],"timeCompleted":1730833687782}],"timeCreated":1730833682679,"timeStarted":1730833687711,"timeCompleted":1730833687782,"lastActivity":1730833687780,"_id":"I9KA8BvaeBcuVzje","actorTags":[],"environment":"","currentDataRecordIndex":-1}
{"id":1730833833,"actors":{"29586":{"id":29586,"lastSeenTime":1730833830765,"testSessionId":1730833833,"type":"ACTOR1","tags":[],"_id":"mnGA96htOPrkjmjM","ip":"::ffff:127.0.0.1","tests":[{"currentSegmentIndex":1,"segments":[{"index":0,"status":"completed","timeStarted":1730833838620,"timeCompleted":1730833838628,"result":"passed"},{"index":1,"status":"completed","timeStarted":1730833838649,"timeCompleted":1730833838675,"result":"failed"}],"name":"logueo-mail","path":"logueo-mail","timeCompleted":null,"timeStarted":1730833838620}]}},"maxIterations":"1","currentIteration":1,"currentTestIndex":1,"currentSegmentIndex":0,"label":"oneApp-login 10","result":"failed","status":"completed","tests":[{"actions":[{"actorType":"ACTOR1","isCheckpoint":false,"durationMs":0,"macroStack":[],"result":"failed","segment":1,"stackTrace":"java.lang.RuntimeException: There was an error while evaluating property \"url\"\r\n\tat org.getopentest.base.TestActor.evalObject(TestActor.java:1398)\r\n\tat org.getopentest.base.TestActor.executeActionByDef(TestActor.java:1699)\r\n\tat org.getopentest.base.TestActor.executeTestSegment(TestActor.java:2092)\r\n\tat org.getopentest.base.TestActor.runOneSession(TestActor.java:3077)\r\n\tat org.getopentest.base.TestActor.runOneSession(TestActor.java:3113)\r\n\tat org.getopentest.Main.main(Main.java:20)\r\nCaused by: java.lang.RuntimeException: Failed to evaluate JavaScript code at line number ?. The script content was: \n$dataRecord.url\r\n\tat org.getopentest.base.TestActor.evalScript(TestActor.java:1490)\r\n\tat org.getopentest.base.TestActor.evalString(TestActor.java:1515)\r\n\tat org.getopentest.base.TestActor.evalObject(TestActor.java:1438)\r\n\tat org.getopentest.base.TestActor.evalObject(TestActor.java:1395)\r\n\t... 5 more\r\nCaused by: javax.script.ScriptException: ReferenceError: \"$dataRecord\" is not defined in <eval> at line number 1\r\n\tat jdk.scripting.nashorn/jdk.nashorn.api.scripting.NashornScriptEngine.throwAsScriptException(NashornScriptEngine.java:477)\r\n\tat jdk.scripting.nashorn/jdk.nashorn.api.scripting.NashornScriptEngine.evalImpl(NashornScriptEngine.java:461)\r\n\tat jdk.scripting.nashorn/jdk.nashorn.api.scripting.NashornScriptEngine.evalImpl(NashornScriptEngine.java:413)\r\n\tat jdk.scripting.nashorn/jdk.nashorn.api.scripting.NashornScriptEngine.evalImpl(NashornScriptEngine.java:409)\r\n\tat jdk.scripting.nashorn/jdk.nashorn.api.scripting.NashornScriptEngine.eval(NashornScriptEngine.java:162)\r\n\tat java.scripting/javax.script.AbstractScriptEngine.eval(AbstractScriptEngine.java:264)\r\n\tat org.getopentest.base.TestActor.evalScript(TestActor.java:1476)\r\n\t... 8 more\r\nCaused by: <eval>:1 ReferenceError: \"$dataRecord\" is not defined\r\n\tat jdk.scripting.nashorn/jdk.nashorn.internal.runtime.ECMAErrors.error(ECMAErrors.java:57)\r\n\tat jdk.scripting.nashorn/jdk.nashorn.internal.runtime.ECMAErrors.referenceError(ECMAErrors.java:319)\r\n\tat jdk.scripting.nashorn/jdk.nashorn.internal.runtime.ECMAErrors.referenceError(ECMAErrors.java:291)\r\n\tat jdk.scripting.nashorn/jdk.nashorn.internal.objects.Global.__noSuchProperty__(Global.java:1621)\r\n\tat jdk.scripting.nashorn.scripts/jdk.nashorn.internal.scripts.Script$Recompilation$207$\\^eval\\_/0x00000001003efc40.:program(<eval>:1)\r\n\tat jdk.scripting.nashorn/jdk.nashorn.internal.runtime.ScriptFunctionData.invoke(ScriptFunctionData.java:655)\r\n\tat jdk.scripting.nashorn/jdk.nashorn.internal.runtime.ScriptFunction.invoke(ScriptFunction.java:513)\r\n\tat jdk.scripting.nashorn/jdk.nashorn.internal.runtime.ScriptRuntime.apply(ScriptRuntime.java:527)\r\n\tat jdk.scripting.nashorn/jdk.nashorn.api.scripting.NashornScriptEngine.evalImpl(NashornScriptEngine.java:456)\r\n\t... 13 more\r\n"}],"currentIteration":1,"currentSegmentIndex":0,"isDataDriven":true,"name":"logueo-mail","path":"logueo-mail","result":"failed","status":"completed","segments":[{"index":0,"result":"passed","status":"completed","timeStarted":1730833838620,"timeCompleted":1730833838628},{"index":1,"result":"failed","status":"completed","timeStarted":1730833838649,"timeCompleted":1730833838675}],"tags":[],"currentDataRecordIndex":0,"timeStarted":1730833838620,"subtests":[{"actions":[{"actorType":"ACTOR1","isCheckpoint":false,"durationMs":0,"macroStack":[],"result":"failed","segment":1,"stackTrace":"java.lang.RuntimeException: There was an error while evaluating property \"url\"\r\n\tat org.getopentest.base.TestActor.evalObject(TestActor.java:1398)\r\n\tat org.getopentest.base.TestActor.executeActionByDef(TestActor.java:1699)\r\n\tat org.getopentest.base.TestActor.executeTestSegment(TestActor.java:2092)\r\n\tat org.getopentest.base.TestActor.runOneSession(TestActor.java:3077)\r\n\tat org.getopentest.base.TestActor.runOneSession(TestActor.java:3113)\r\n\tat org.getopentest.Main.main(Main.java:20)\r\nCaused by: java.lang.RuntimeException: Failed to evaluate JavaScript code at line number ?. The script content was: \n$dataRecord.url\r\n\tat org.getopentest.base.TestActor.evalScript(TestActor.java:1490)\r\n\tat org.getopentest.base.TestActor.evalString(TestActor.java:1515)\r\n\tat org.getopentest.base.TestActor.evalObject(TestActor.java:1438)\r\n\tat org.getopentest.base.TestActor.evalObject(TestActor.java:1395)\r\n\t... 5 more\r\nCaused by: javax.script.ScriptException: ReferenceError: \"$dataRecord\" is not defined in <eval> at line number 1\r\n\tat jdk.scripting.nashorn/jdk.nashorn.api.scripting.NashornScriptEngine.throwAsScriptException(NashornScriptEngine.java:477)\r\n\tat jdk.scripting.nashorn/jdk.nashorn.api.scripting.NashornScriptEngine.evalImpl(NashornScriptEngine.java:461)\r\n\tat jdk.scripting.nashorn/jdk.nashorn.api.scripting.NashornScriptEngine.evalImpl(NashornScriptEngine.java:413)\r\n\tat jdk.scripting.nashorn/jdk.nashorn.api.scripting.NashornScriptEngine.evalImpl(NashornScriptEngine.java:409)\r\n\tat jdk.scripting.nashorn/jdk.nashorn.api.scripting.NashornScriptEngine.eval(NashornScriptEngine.java:162)\r\n\tat java.scripting/javax.script.AbstractScriptEngine.eval(AbstractScriptEngine.java:264)\r\n\tat org.getopentest.base.TestActor.evalScript(TestActor.java:1476)\r\n\t... 8 more\r\nCaused by: <eval>:1 ReferenceError: \"$dataRecord\" is not defined\r\n\tat jdk.scripting.nashorn/jdk.nashorn.internal.runtime.ECMAErrors.error(ECMAErrors.java:57)\r\n\tat jdk.scripting.nashorn/jdk.nashorn.internal.runtime.ECMAErrors.referenceError(ECMAErrors.java:319)\r\n\tat jdk.scripting.nashorn/jdk.nashorn.internal.runtime.ECMAErrors.referenceError(ECMAErrors.java:291)\r\n\tat jdk.scripting.nashorn/jdk.nashorn.internal.objects.Global.__noSuchProperty__(Global.java:1621)\r\n\tat jdk.scripting.nashorn.scripts/jdk.nashorn.internal.scripts.Script$Recompilation$207$\\^eval\\_/0x00000001003efc40.:program(<eval>:1)\r\n\tat jdk.scripting.nashorn/jdk.nashorn.internal.runtime.ScriptFunctionData.invoke(ScriptFunctionData.java:655)\r\n\tat jdk.scripting.nashorn/jdk.nashorn.internal.runtime.ScriptFunction.invoke(ScriptFunction.java:513)\r\n\tat jdk.scripting.nashorn/jdk.nashorn.internal.runtime.ScriptRuntime.apply(ScriptRuntime.java:527)\r\n\tat jdk.scripting.nashorn/jdk.nashorn.api.scripting.NashornScriptEngine.evalImpl(NashornScriptEngine.java:456)\r\n\t... 13 more\r\n"}],"currentIteration":1,"result":"failed","status":"completed","segments":[{"index":0,"result":"passed","status":"completed","timeStarted":1730833838620,"timeCompleted":1730833838628},{"index":1,"result":"failed","status":"completed","timeStarted":1730833838649,"timeCompleted":1730833838675}],"currentDataRecordIndex":0,"timeStarted":1730833838620,"timeCompleted":1730833838675}],"timeCompleted":1730833838675}],"timeCreated":1730833833228,"timeStarted":1730833838620,"timeCompleted":1730833838676,"lastActivity":1730833838674,"_id":"OGg6ZEQ05lxVxmlI","actorTags":[],"environment":"","currentDataRecordIndex":-1}
{"id":1730832078,"actors":{"29586":{"id":29586,"lastSeenTime":1730832074108,"testSessionId":1730832078,"type":"ACTOR1","tags":[],"_id":"mnGA96htOPrkjmjM","ip":"::ffff:127.0.0.1","tests":[{"currentSegmentIndex":1,"segments":[{"index":0,"status":"completed","timeStarted":1730832082264,"timeCompleted":1730832082271,"result":"passed"},{"index":1,"status":"completed","timeStarted":1730832082285,"timeCompleted":1730832082330,"result":"failed"}],"name":"logueo-mail","path":"logueo-mail","timeCompleted":null,"timeStarted":1730832082264}]}},"maxIterations":"1","currentIteration":1,"currentTestIndex":1,"currentSegmentIndex":0,"label":"oneApp-login 4","result":"failed","status":"completed","tests":[{"actions":[{"actorType":"ACTOR1","isCheckpoint":false,"durationMs":0,"macroStack":[],"result":"failed","segment":1,"stackTrace":"java.lang.RuntimeException: There was an error while evaluating property \"url\"\r\n\tat org.getopentest.base.TestActor.evalObject(TestActor.java:1398)\r\n\tat org.getopentest.base.TestActor.executeActionByDef(TestActor.java:1699)\r\n\tat org.getopentest.base.TestActor.executeTestSegment(TestActor.java:2092)\r\n\tat org.getopentest.base.TestActor.runOneSession(TestActor.java:3077)\r\n\tat org.getopentest.base.TestActor.runOneSession(TestActor.java:3113)\r\n\tat org.getopentest.Main.main(Main.java:20)\r\nCaused by: java.lang.RuntimeException: Failed to evaluate JavaScript code at line number ?. The script content was: \n$dataRecord.url.LoginOneAppPROD.url\r\n\tat org.getopentest.base.TestActor.evalScript(TestActor.java:1490)\r\n\tat org.getopentest.base.TestActor.evalString(TestActor.java:1515)\r\n\tat org.getopentest.base.TestActor.evalObject(TestActor.java:1438)\r\n\tat org.getopentest.base.TestActor.evalObject(TestActor.java:1395)\r\n\t... 5 more\r\nCaused by: javax.script.ScriptException: ReferenceError: \"$dataRecord\" is not defined in <eval> at line number 1\r\n\tat jdk.scripting.nashorn/jdk.nashorn.api.scripting.NashornScriptEngine.throwAsScriptException(NashornScriptEngine.java:477)\r\n\tat jdk.scripting.nashorn/jdk.nashorn.api.scripting.NashornScriptEngine.evalImpl(NashornScriptEngine.java:461)\r\n\tat jdk.scripting.nashorn/jdk.nashorn.api.scripting.NashornScriptEngine.evalImpl(NashornScriptEngine.java:413)\r\n\tat jdk.scripting.nashorn/jdk.nashorn.api.scripting.NashornScriptEngine.evalImpl(NashornScriptEngine.java:409)\r\n\tat jdk.scripting.nashorn/jdk.nashorn.api.scripting.NashornScriptEngine.eval(NashornScriptEngine.java:162)\r\n\tat java.scripting/javax.script.AbstractScriptEngine.eval(AbstractScriptEngine.java:264)\r\n\tat org.getopentest.base.TestActor.evalScript(TestActor.java:1476)\r\n\t... 8 more\r\nCaused by: <eval>:1 ReferenceError: \"$dataRecord\" is not defined\r\n\tat jdk.scripting.nashorn/jdk.nashorn.internal.runtime.ECMAErrors.error(ECMAErrors.java:57)\r\n\tat jdk.scripting.nashorn/jdk.nashorn.internal.runtime.ECMAErrors.referenceError(ECMAErrors.java:319)\r\n\tat jdk.scripting.nashorn/jdk.nashorn.internal.runtime.ECMAErrors.referenceError(ECMAErrors.java:291)\r\n\tat jdk.scripting.nashorn/jdk.nashorn.internal.objects.Global.__noSuchProperty__(Global.java:1621)\r\n\tat jdk.scripting.nashorn.scripts/jdk.nashorn.internal.scripts.Script$Recompilation$125$\\^eval\\_/0x00000001003c5040.:program(<eval>:1)\r\n\tat jdk.scripting.nashorn/jdk.nashorn.internal.runtime.ScriptFunctionData.invoke(ScriptFunctionData.java:655)\r\n\tat jdk.scripting.nashorn/jdk.nashorn.internal.runtime.ScriptFunction.invoke(ScriptFunction.java:513)\r\n\tat jdk.scripting.nashorn/jdk.nashorn.internal.runtime.ScriptRuntime.apply(ScriptRuntime.java:527)\r\n\tat jdk.scripting.nashorn/jdk.nashorn.api.scripting.NashornScriptEngine.evalImpl(NashornScriptEngine.java:456)\r\n\t... 13 more\r\n"}],"currentIteration":1,"currentSegmentIndex":0,"isDataDriven":true,"name":"logueo-mail","path":"logueo-mail","result":"failed","status":"completed","segments":[{"index":0,"result":"passed","status":"completed","timeStarted":1730832082264,"timeCompleted":1730832082271},{"index":1,"result":"failed","status":"completed","timeStarted":1730832082285,"timeCompleted":1730832082330}],"tags":[],"currentDataRecordIndex":0,"timeStarted":1730832082264,"subtests":[{"actions":[{"actorType":"ACTOR1","isCheckpoint":false,"durationMs":0,"macroStack":[],"result":"failed","segment":1,"stackTrace":"java.lang.RuntimeException: There was an error while evaluating property \"url\"\r\n\tat org.getopentest.base.TestActor.evalObject(TestActor.java:1398)\r\n\tat org.getopentest.base.TestActor.executeActionByDef(TestActor.java:1699)\r\n\tat org.getopentest.base.TestActor.executeTestSegment(TestActor.java:2092)\r\n\tat org.getopentest.base.TestActor.runOneSession(TestActor.java:3077)\r\n\tat org.getopentest.base.TestActor.runOneSession(TestActor.java:3113)\r\n\tat org.getopentest.Main.main(Main.java:20)\r\nCaused by: java.lang.RuntimeException: Failed to evaluate JavaScript code at line number ?. The script content was: \n$dataRecord.url.LoginOneAppPROD.url\r\n\tat org.getopentest.base.TestActor.evalScript(TestActor.java:1490)\r\n\tat org.getopentest.base.TestActor.evalString(TestActor.java:1515)\r\n\tat org.getopentest.base.TestActor.evalObject(TestActor.java:1438)\r\n\tat org.getopentest.base.TestActor.evalObject(TestActor.java:1395)\r\n\t... 5 more\r\nCaused by: javax.script.ScriptException: ReferenceError: \"$dataRecord\" is not defined in <eval> at line number 1\r\n\tat jdk.scripting.nashorn/jdk.nashorn.api.scripting.NashornScriptEngine.throwAsScriptException(NashornScriptEngine.java:477)\r\n\tat jdk.scripting.nashorn/jdk.nashorn.api.scripting.NashornScriptEngine.evalImpl(NashornScriptEngine.java:461)\r\n\tat jdk.scripting.nashorn/jdk.nashorn.api.scripting.NashornScriptEngine.evalImpl(NashornScriptEngine.java:413)\r\n\tat jdk.scripting.nashorn/jdk.nashorn.api.scripting.NashornScriptEngine.evalImpl(NashornScriptEngine.java:409)\r\n\tat jdk.scripting.nashorn/jdk.nashorn.api.scripting.NashornScriptEngine.eval(NashornScriptEngine.java:162)\r\n\tat java.scripting/javax.script.AbstractScriptEngine.eval(AbstractScriptEngine.java:264)\r\n\tat org.getopentest.base.TestActor.evalScript(TestActor.java:1476)\r\n\t... 8 more\r\nCaused by: <eval>:1 ReferenceError: \"$dataRecord\" is not defined\r\n\tat jdk.scripting.nashorn/jdk.nashorn.internal.runtime.ECMAErrors.error(ECMAErrors.java:57)\r\n\tat jdk.scripting.nashorn/jdk.nashorn.internal.runtime.ECMAErrors.referenceError(ECMAErrors.java:319)\r\n\tat jdk.scripting.nashorn/jdk.nashorn.internal.runtime.ECMAErrors.referenceError(ECMAErrors.java:291)\r\n\tat jdk.scripting.nashorn/jdk.nashorn.internal.objects.Global.__noSuchProperty__(Global.java:1621)\r\n\tat jdk.scripting.nashorn.scripts/jdk.nashorn.internal.scripts.Script$Recompilation$125$\\^eval\\_/0x00000001003c5040.:program(<eval>:1)\r\n\tat jdk.scripting.nashorn/jdk.nashorn.internal.runtime.ScriptFunctionData.invoke(ScriptFunctionData.java:655)\r\n\tat jdk.scripting.nashorn/jdk.nashorn.internal.runtime.ScriptFunction.invoke(ScriptFunction.java:513)\r\n\tat jdk.scripting.nashorn/jdk.nashorn.internal.runtime.ScriptRuntime.apply(ScriptRuntime.java:527)\r\n\tat jdk.scripting.nashorn/jdk.nashorn.api.scripting.NashornScriptEngine.evalImpl(NashornScriptEngine.java:456)\r\n\t... 13 more\r\n"}],"currentIteration":1,"result":"failed","status":"completed","segments":[{"index":0,"result":"passed","status":"completed","timeStarted":1730832082264,"timeCompleted":1730832082271},{"index":1,"result":"failed","status":"completed","timeStarted":1730832082285,"timeCompleted":1730832082330}],"currentDataRecordIndex":0,"timeStarted":1730832082264,"timeCompleted":1730832082330}],"timeCompleted":1730832082330}],"timeCreated":1730832078487,"timeStarted":1730832082264,"timeCompleted":1730832082330,"lastActivity":1730832082329,"_id":"XgyspjucN3mN6N3a","actorTags":[],"environment":"","currentDataRecordIndex":-1}
{"id":1730831883,"actors":{"29586":{"id":29586,"lastSeenTime":1730831878429,"testSessionId":1730831883,"type":"ACTOR1","tags":[],"_id":"mnGA96htOPrkjmjM","ip":"::ffff:127.0.0.1","tests":[{"currentSegmentIndex":1,"segments":[{"index":0,"status":"completed","timeStarted":1730831884007,"timeCompleted":1730831884026,"result":"passed"},{"index":1,"status":"completed","timeStarted":1730831884055,"timeCompleted":1730831884099,"result":"failed"}],"name":"logueo-mail","path":"logueo-mail","timeCompleted":null,"timeStarted":1730831884007}]}},"maxIterations":"1","currentIteration":1,"currentTestIndex":1,"currentSegmentIndex":0,"label":"oneApp-login 2","result":"failed","status":"completed","tests":[{"actions":[{"actorType":"ACTOR1","isCheckpoint":false,"durationMs":0,"macroStack":[],"result":"failed","segment":1,"stackTrace":"java.lang.RuntimeException: There was an error while evaluating property \"url\"\r\n\tat org.getopentest.base.TestActor.evalObject(TestActor.java:1398)\r\n\tat org.getopentest.base.TestActor.executeActionByDef(TestActor.java:1699)\r\n\tat org.getopentest.base.TestActor.executeTestSegment(TestActor.java:2092)\r\n\tat org.getopentest.base.TestActor.runOneSession(TestActor.java:3077)\r\n\tat org.getopentest.base.TestActor.runOneSession(TestActor.java:3113)\r\n\tat org.getopentest.Main.main(Main.java:20)\r\nCaused by: java.lang.RuntimeException: Failed to evaluate JavaScript code at line number ?. The script content was: \n$dataRecord.url.LoginOneAppPROD.url\r\n\tat org.getopentest.base.TestActor.evalScript(TestActor.java:1490)\r\n\tat org.getopentest.base.TestActor.evalString(TestActor.java:1515)\r\n\tat org.getopentest.base.TestActor.evalObject(TestActor.java:1438)\r\n\tat org.getopentest.base.TestActor.evalObject(TestActor.java:1395)\r\n\t... 5 more\r\nCaused by: javax.script.ScriptException: ReferenceError: \"$dataRecord\" is not defined in <eval> at line number 1\r\n\tat jdk.scripting.nashorn/jdk.nashorn.api.scripting.NashornScriptEngine.throwAsScriptException(NashornScriptEngine.java:477)\r\n\tat jdk.scripting.nashorn/jdk.nashorn.api.scripting.NashornScriptEngine.evalImpl(NashornScriptEngine.java:461)\r\n\tat jdk.scripting.nashorn/jdk.nashorn.api.scripting.NashornScriptEngine.evalImpl(NashornScriptEngine.java:413)\r\n\tat jdk.scripting.nashorn/jdk.nashorn.api.scripting.NashornScriptEngine.evalImpl(NashornScriptEngine.java:409)\r\n\tat jdk.scripting.nashorn/jdk.nashorn.api.scripting.NashornScriptEngine.eval(NashornScriptEngine.java:162)\r\n\tat java.scripting/javax.script.AbstractScriptEngine.eval(AbstractScriptEngine.java:264)\r\n\tat org.getopentest.base.TestActor.evalScript(TestActor.java:1476)\r\n\t... 8 more\r\nCaused by: <eval>:1 ReferenceError: \"$dataRecord\" is not defined\r\n\tat jdk.scripting.nashorn/jdk.nashorn.internal.runtime.ECMAErrors.error(ECMAErrors.java:57)\r\n\tat jdk.scripting.nashorn/jdk.nashorn.internal.runtime.ECMAErrors.referenceError(ECMAErrors.java:319)\r\n\tat jdk.scripting.nashorn/jdk.nashorn.internal.runtime.ECMAErrors.referenceError(ECMAErrors.java:291)\r\n\tat jdk.scripting.nashorn/jdk.nashorn.internal.objects.Global.__noSuchProperty__(Global.java:1621)\r\n\tat jdk.scripting.nashorn.scripts/jdk.nashorn.internal.scripts.Script$Recompilation$97$\\^eval\\_/0x00000001003b1c40.:program(<eval>:1)\r\n\tat jdk.scripting.nashorn/jdk.nashorn.internal.runtime.ScriptFunctionData.invoke(ScriptFunctionData.java:655)\r\n\tat jdk.scripting.nashorn/jdk.nashorn.internal.runtime.ScriptFunction.invoke(ScriptFunction.java:513)\r\n\tat jdk.scripting.nashorn/jdk.nashorn.internal.runtime.ScriptRuntime.apply(ScriptRuntime.java:527)\r\n\tat jdk.scripting.nashorn/jdk.nashorn.api.scripting.NashornScriptEngine.evalImpl(NashornScriptEngine.java:456)\r\n\t... 13 more\r\n"}],"currentIteration":1,"currentSegmentIndex":0,"isDataDriven":true,"name":"logueo-mail","path":"logueo-mail","result":"failed","status":"completed","segments":[{"index":0,"result":"passed","status":"completed","timeStarted":1730831884007,"timeCompleted":1730831884026},{"index":1,"result":"failed","status":"completed","timeStarted":1730831884055,"timeCompleted":1730831884099}],"tags":[],"currentDataRecordIndex":0,"timeStarted":1730831884007,"subtests":[{"actions":[{"actorType":"ACTOR1","isCheckpoint":false,"durationMs":0,"macroStack":[],"result":"failed","segment":1,"stackTrace":"java.lang.RuntimeException: There was an error while evaluating property \"url\"\r\n\tat org.getopentest.base.TestActor.evalObject(TestActor.java:1398)\r\n\tat org.getopentest.base.TestActor.executeActionByDef(TestActor.java:1699)\r\n\tat org.getopentest.base.TestActor.executeTestSegment(TestActor.java:2092)\r\n\tat org.getopentest.base.TestActor.runOneSession(TestActor.java:3077)\r\n\tat org.getopentest.base.TestActor.runOneSession(TestActor.java:3113)\r\n\tat org.getopentest.Main.main(Main.java:20)\r\nCaused by: java.lang.RuntimeException: Failed to evaluate JavaScript code at line number ?. The script content was: \n$dataRecord.url.LoginOneAppPROD.url\r\n\tat org.getopentest.base.TestActor.evalScript(TestActor.java:1490)\r\n\tat org.getopentest.base.TestActor.evalString(TestActor.java:1515)\r\n\tat org.getopentest.base.TestActor.evalObject(TestActor.java:1438)\r\n\tat org.getopentest.base.TestActor.evalObject(TestActor.java:1395)\r\n\t... 5 more\r\nCaused by: javax.script.ScriptException: ReferenceError: \"$dataRecord\" is not defined in <eval> at line number 1\r\n\tat jdk.scripting.nashorn/jdk.nashorn.api.scripting.NashornScriptEngine.throwAsScriptException(NashornScriptEngine.java:477)\r\n\tat jdk.scripting.nashorn/jdk.nashorn.api.scripting.NashornScriptEngine.evalImpl(NashornScriptEngine.java:461)\r\n\tat jdk.scripting.nashorn/jdk.nashorn.api.scripting.NashornScriptEngine.evalImpl(NashornScriptEngine.java:413)\r\n\tat jdk.scripting.nashorn/jdk.nashorn.api.scripting.NashornScriptEngine.evalImpl(NashornScriptEngine.java:409)\r\n\tat jdk.scripting.nashorn/jdk.nashorn.api.scripting.NashornScriptEngine.eval(NashornScriptEngine.java:162)\r\n\tat java.scripting/javax.script.AbstractScriptEngine.eval(AbstractScriptEngine.java:264)\r\n\tat org.getopentest.base.TestActor.evalScript(TestActor.java:1476)\r\n\t... 8 more\r\nCaused by: <eval>:1 ReferenceError: \"$dataRecord\" is not defined\r\n\tat jdk.scripting.nashorn/jdk.nashorn.internal.runtime.ECMAErrors.error(ECMAErrors.java:57)\r\n\tat jdk.scripting.nashorn/jdk.nashorn.internal.runtime.ECMAErrors.referenceError(ECMAErrors.java:319)\r\n\tat jdk.scripting.nashorn/jdk.nashorn.internal.runtime.ECMAErrors.referenceError(ECMAErrors.java:291)\r\n\tat jdk.scripting.nashorn/jdk.nashorn.internal.objects.Global.__noSuchProperty__(Global.java:1621)\r\n\tat jdk.scripting.nashorn.scripts/jdk.nashorn.internal.scripts.Script$Recompilation$97$\\^eval\\_/0x00000001003b1c40.:program(<eval>:1)\r\n\tat jdk.scripting.nashorn/jdk.nashorn.internal.runtime.ScriptFunctionData.invoke(ScriptFunctionData.java:655)\r\n\tat jdk.scripting.nashorn/jdk.nashorn.internal.runtime.ScriptFunction.invoke(ScriptFunction.java:513)\r\n\tat jdk.scripting.nashorn/jdk.nashorn.internal.runtime.ScriptRuntime.apply(ScriptRuntime.java:527)\r\n\tat jdk.scripting.nashorn/jdk.nashorn.api.scripting.NashornScriptEngine.evalImpl(NashornScriptEngine.java:456)\r\n\t... 13 more\r\n"}],"currentIteration":1,"result":"failed","status":"completed","segments":[{"index":0,"result":"passed","status":"completed","timeStarted":1730831884007,"timeCompleted":1730831884026},{"index":1,"result":"failed","status":"completed","timeStarted":1730831884055,"timeCompleted":1730831884099}],"currentDataRecordIndex":0,"timeStarted":1730831884007,"timeCompleted":1730831884099}],"timeCompleted":1730831884099}],"timeCreated":1730831882917,"timeStarted":1730831884007,"timeCompleted":1730831884099,"lastActivity":1730831884086,"_id":"dcNQDhZbko77bmJv","actorTags":[],"environment":"","currentDataRecordIndex":-1}
{"id":1730832686,"actors":{"29586":{"id":29586,"lastSeenTime":1730832681416,"testSessionId":1730832686,"type":"ACTOR1","tags":[],"_id":"mnGA96htOPrkjmjM","ip":"::ffff:127.0.0.1","tests":[{"currentSegmentIndex":1,"segments":[{"index":0,"status":"completed","timeStarted":1730832688970,"timeCompleted":1730832688978,"result":"passed"},{"index":1,"status":"completed","timeStarted":1730832688991,"timeCompleted":1730832689065,"result":"failed"}],"name":"logueo-mail","path":"logueo-mail","timeCompleted":null,"timeStarted":1730832688970}]}},"maxIterations":"1","currentIteration":1,"currentTestIndex":1,"currentSegmentIndex":0,"label":"oneApp-login 5","result":"failed","status":"completed","tests":[{"actions":[{"actorType":"ACTOR1","isCheckpoint":false,"durationMs":0,"macroStack":[],"result":"failed","segment":1,"stackTrace":"java.lang.RuntimeException: There was an error while evaluating property \"url\"\r\n\tat org.getopentest.base.TestActor.evalObject(TestActor.java:1398)\r\n\tat org.getopentest.base.TestActor.executeActionByDef(TestActor.java:1699)\r\n\tat org.getopentest.base.TestActor.executeTestSegment(TestActor.java:2092)\r\n\tat org.getopentest.base.TestActor.runOneSession(TestActor.java:3077)\r\n\tat org.getopentest.base.TestActor.runOneSession(TestActor.java:3113)\r\n\tat org.getopentest.Main.main(Main.java:20)\r\nCaused by: java.lang.RuntimeException: Failed to evaluate JavaScript code at line number ?. The script content was: \n$dataRecord.url.LoginOneAppPROD.url\r\n\tat org.getopentest.base.TestActor.evalScript(TestActor.java:1490)\r\n\tat org.getopentest.base.TestActor.evalString(TestActor.java:1515)\r\n\tat org.getopentest.base.TestActor.evalObject(TestActor.java:1438)\r\n\tat org.getopentest.base.TestActor.evalObject(TestActor.java:1395)\r\n\t... 5 more\r\nCaused by: javax.script.ScriptException: ReferenceError: \"$dataRecord\" is not defined in <eval> at line number 1\r\n\tat jdk.scripting.nashorn/jdk.nashorn.api.scripting.NashornScriptEngine.throwAsScriptException(NashornScriptEngine.java:477)\r\n\tat jdk.scripting.nashorn/jdk.nashorn.api.scripting.NashornScriptEngine.evalImpl(NashornScriptEngine.java:461)\r\n\tat jdk.scripting.nashorn/jdk.nashorn.api.scripting.NashornScriptEngine.evalImpl(NashornScriptEngine.java:413)\r\n\tat jdk.scripting.nashorn/jdk.nashorn.api.scripting.NashornScriptEngine.evalImpl(NashornScriptEngine.java:409)\r\n\tat jdk.scripting.nashorn/jdk.nashorn.api.scripting.NashornScriptEngine.eval(NashornScriptEngine.java:162)\r\n\tat java.scripting/javax.script.AbstractScriptEngine.eval(AbstractScriptEngine.java:264)\r\n\tat org.getopentest.base.TestActor.evalScript(TestActor.java:1476)\r\n\t... 8 more\r\nCaused by: <eval>:1 ReferenceError: \"$dataRecord\" is not defined\r\n\tat jdk.scripting.nashorn/jdk.nashorn.internal.runtime.ECMAErrors.error(ECMAErrors.java:57)\r\n\tat jdk.scripting.nashorn/jdk.nashorn.internal.runtime.ECMAErrors.referenceError(ECMAErrors.java:319)\r\n\tat jdk.scripting.nashorn/jdk.nashorn.internal.runtime.ECMAErrors.referenceError(ECMAErrors.java:291)\r\n\tat jdk.scripting.nashorn/jdk.nashorn.internal.objects.Global.__noSuchProperty__(Global.java:1621)\r\n\tat jdk.scripting.nashorn.scripts/jdk.nashorn.internal.scripts.Script$Recompilation$139$\\^eval\\_/0x00000001003c9440.:program(<eval>:1)\r\n\tat jdk.scripting.nashorn/jdk.nashorn.internal.runtime.ScriptFunctionData.invoke(ScriptFunctionData.java:655)\r\n\tat jdk.scripting.nashorn/jdk.nashorn.internal.runtime.ScriptFunction.invoke(ScriptFunction.java:513)\r\n\tat jdk.scripting.nashorn/jdk.nashorn.internal.runtime.ScriptRuntime.apply(ScriptRuntime.java:527)\r\n\tat jdk.scripting.nashorn/jdk.nashorn.api.scripting.NashornScriptEngine.evalImpl(NashornScriptEngine.java:456)\r\n\t... 13 more\r\n"}],"currentIteration":1,"currentSegmentIndex":0,"isDataDriven":true,"name":"logueo-mail","path":"logueo-mail","result":"failed","status":"completed","segments":[{"index":0,"result":"passed","status":"completed","timeStarted":1730832688970,"timeCompleted":1730832688978},{"index":1,"result":"failed","status":"completed","timeStarted":1730832688991,"timeCompleted":1730832689065}],"tags":[],"currentDataRecordIndex":0,"timeStarted":1730832688970,"subtests":[{"actions":[{"actorType":"ACTOR1","isCheckpoint":false,"durationMs":0,"macroStack":[],"result":"failed","segment":1,"stackTrace":"java.lang.RuntimeException: There was an error while evaluating property \"url\"\r\n\tat org.getopentest.base.TestActor.evalObject(TestActor.java:1398)\r\n\tat org.getopentest.base.TestActor.executeActionByDef(TestActor.java:1699)\r\n\tat org.getopentest.base.TestActor.executeTestSegment(TestActor.java:2092)\r\n\tat org.getopentest.base.TestActor.runOneSession(TestActor.java:3077)\r\n\tat org.getopentest.base.TestActor.runOneSession(TestActor.java:3113)\r\n\tat org.getopentest.Main.main(Main.java:20)\r\nCaused by: java.lang.RuntimeException: Failed to evaluate JavaScript code at line number ?. The script content was: \n$dataRecord.url.LoginOneAppPROD.url\r\n\tat org.getopentest.base.TestActor.evalScript(TestActor.java:1490)\r\n\tat org.getopentest.base.TestActor.evalString(TestActor.java:1515)\r\n\tat org.getopentest.base.TestActor.evalObject(TestActor.java:1438)\r\n\tat org.getopentest.base.TestActor.evalObject(TestActor.java:1395)\r\n\t... 5 more\r\nCaused by: javax.script.ScriptException: ReferenceError: \"$dataRecord\" is not defined in <eval> at line number 1\r\n\tat jdk.scripting.nashorn/jdk.nashorn.api.scripting.NashornScriptEngine.throwAsScriptException(NashornScriptEngine.java:477)\r\n\tat jdk.scripting.nashorn/jdk.nashorn.api.scripting.NashornScriptEngine.evalImpl(NashornScriptEngine.java:461)\r\n\tat jdk.scripting.nashorn/jdk.nashorn.api.scripting.NashornScriptEngine.evalImpl(NashornScriptEngine.java:413)\r\n\tat jdk.scripting.nashorn/jdk.nashorn.api.scripting.NashornScriptEngine.evalImpl(NashornScriptEngine.java:409)\r\n\tat jdk.scripting.nashorn/jdk.nashorn.api.scripting.NashornScriptEngine.eval(NashornScriptEngine.java:162)\r\n\tat java.scripting/javax.script.AbstractScriptEngine.eval(AbstractScriptEngine.java:264)\r\n\tat org.getopentest.base.TestActor.evalScript(TestActor.java:1476)\r\n\t... 8 more\r\nCaused by: <eval>:1 ReferenceError: \"$dataRecord\" is not defined\r\n\tat jdk.scripting.nashorn/jdk.nashorn.internal.runtime.ECMAErrors.error(ECMAErrors.java:57)\r\n\tat jdk.scripting.nashorn/jdk.nashorn.internal.runtime.ECMAErrors.referenceError(ECMAErrors.java:319)\r\n\tat jdk.scripting.nashorn/jdk.nashorn.internal.runtime.ECMAErrors.referenceError(ECMAErrors.java:291)\r\n\tat jdk.scripting.nashorn/jdk.nashorn.internal.objects.Global.__noSuchProperty__(Global.java:1621)\r\n\tat jdk.scripting.nashorn.scripts/jdk.nashorn.internal.scripts.Script$Recompilation$139$\\^eval\\_/0x00000001003c9440.:program(<eval>:1)\r\n\tat jdk.scripting.nashorn/jdk.nashorn.internal.runtime.ScriptFunctionData.invoke(ScriptFunctionData.java:655)\r\n\tat jdk.scripting.nashorn/jdk.nashorn.internal.runtime.ScriptFunction.invoke(ScriptFunction.java:513)\r\n\tat jdk.scripting.nashorn/jdk.nashorn.internal.runtime.ScriptRuntime.apply(ScriptRuntime.java:527)\r\n\tat jdk.scripting.nashorn/jdk.nashorn.api.scripting.NashornScriptEngine.evalImpl(NashornScriptEngine.java:456)\r\n\t... 13 more\r\n"}],"currentIteration":1,"result":"failed","status":"completed","segments":[{"index":0,"result":"passed","status":"completed","timeStarted":1730832688970,"timeCompleted":1730832688978},{"index":1,"result":"failed","status":"completed","timeStarted":1730832688991,"timeCompleted":1730832689065}],"currentDataRecordIndex":0,"timeStarted":1730832688970,"timeCompleted":1730832689065}],"timeCompleted":1730832689065}],"timeCreated":1730832685856,"timeStarted":1730832688970,"timeCompleted":1730832689066,"lastActivity":1730832689056,"_id":"gHV2KuLApRPuB4QW","actorTags":[],"environment":"","currentDataRecordIndex":-1}
{"id":1730833231,"actors":{"29586":{"id":29586,"lastSeenTime":1730833228287,"testSessionId":1730833231,"type":"ACTOR1","tags":[],"_id":"mnGA96htOPrkjmjM","ip":"::ffff:127.0.0.1","tests":[{"currentSegmentIndex":1,"segments":[{"index":0,"status":"completed","timeStarted":1730833233936,"timeCompleted":1730833233943,"result":"passed"},{"index":1,"status":"completed","timeStarted":1730833233967,"timeCompleted":1730833234023,"result":"failed"}],"name":"logueo-mail","path":"logueo-mail","timeCompleted":null,"timeStarted":1730833233936}]}},"maxIterations":"1","currentIteration":1,"currentTestIndex":1,"currentSegmentIndex":0,"label":"oneApp-login 8","result":"failed","status":"completed","tests":[{"actions":[{"actorType":"ACTOR1","isCheckpoint":false,"durationMs":0,"macroStack":[],"result":"failed","segment":1,"stackTrace":"java.lang.RuntimeException: There was an error while evaluating property \"url\"\r\n\tat org.getopentest.base.TestActor.evalObject(TestActor.java:1398)\r\n\tat org.getopentest.base.TestActor.executeActionByDef(TestActor.java:1699)\r\n\tat org.getopentest.base.TestActor.executeTestSegment(TestActor.java:2092)\r\n\tat org.getopentest.base.TestActor.runOneSession(TestActor.java:3077)\r\n\tat org.getopentest.base.TestActor.runOneSession(TestActor.java:3113)\r\n\tat org.getopentest.Main.main(Main.java:20)\r\nCaused by: java.lang.RuntimeException: Failed to evaluate JavaScript code at line number ?. The script content was: \n$dataRecord.url.LoginOneAppPROD.url\r\n\tat org.getopentest.base.TestActor.evalScript(TestActor.java:1490)\r\n\tat org.getopentest.base.TestActor.evalString(TestActor.java:1515)\r\n\tat org.getopentest.base.TestActor.evalObject(TestActor.java:1438)\r\n\tat org.getopentest.base.TestActor.evalObject(TestActor.java:1395)\r\n\t... 5 more\r\nCaused by: javax.script.ScriptException: ReferenceError: \"$dataRecord\" is not defined in <eval> at line number 1\r\n\tat jdk.scripting.nashorn/jdk.nashorn.api.scripting.NashornScriptEngine.throwAsScriptException(NashornScriptEngine.java:477)\r\n\tat jdk.scripting.nashorn/jdk.nashorn.api.scripting.NashornScriptEngine.evalImpl(NashornScriptEngine.java:461)\r\n\tat jdk.scripting.nashorn/jdk.nashorn.api.scripting.NashornScriptEngine.evalImpl(NashornScriptEngine.java:413)\r\n\tat jdk.scripting.nashorn/jdk.nashorn.api.scripting.NashornScriptEngine.evalImpl(NashornScriptEngine.java:409)\r\n\tat jdk.scripting.nashorn/jdk.nashorn.api.scripting.NashornScriptEngine.eval(NashornScriptEngine.java:162)\r\n\tat java.scripting/javax.script.AbstractScriptEngine.eval(AbstractScriptEngine.java:264)\r\n\tat org.getopentest.base.TestActor.evalScript(TestActor.java:1476)\r\n\t... 8 more\r\nCaused by: <eval>:1 ReferenceError: \"$dataRecord\" is not defined\r\n\tat jdk.scripting.nashorn/jdk.nashorn.internal.runtime.ECMAErrors.error(ECMAErrors.java:57)\r\n\tat jdk.scripting.nashorn/jdk.nashorn.internal.runtime.ECMAErrors.referenceError(ECMAErrors.java:319)\r\n\tat jdk.scripting.nashorn/jdk.nashorn.internal.runtime.ECMAErrors.referenceError(ECMAErrors.java:291)\r\n\tat jdk.scripting.nashorn/jdk.nashorn.internal.objects.Global.__noSuchProperty__(Global.java:1621)\r\n\tat jdk.scripting.nashorn.scripts/jdk.nashorn.internal.scripts.Script$Recompilation$183$\\^eval\\_/0x00000001003e8440.:program(<eval>:1)\r\n\tat jdk.scripting.nashorn/jdk.nashorn.internal.runtime.ScriptFunctionData.invoke(ScriptFunctionData.java:655)\r\n\tat jdk.scripting.nashorn/jdk.nashorn.internal.runtime.ScriptFunction.invoke(ScriptFunction.java:513)\r\n\tat jdk.scripting.nashorn/jdk.nashorn.internal.runtime.ScriptRuntime.apply(ScriptRuntime.java:527)\r\n\tat jdk.scripting.nashorn/jdk.nashorn.api.scripting.NashornScriptEngine.evalImpl(NashornScriptEngine.java:456)\r\n\t... 13 more\r\n"}],"currentIteration":1,"currentSegmentIndex":0,"isDataDriven":true,"name":"logueo-mail","path":"logueo-mail","result":"failed","status":"completed","segments":[{"index":0,"result":"passed","status":"completed","timeStarted":1730833233936,"timeCompleted":1730833233943},{"index":1,"result":"failed","status":"completed","timeStarted":1730833233967,"timeCompleted":1730833234023}],"tags":[],"currentDataRecordIndex":0,"timeStarted":1730833233936,"subtests":[{"actions":[{"actorType":"ACTOR1","isCheckpoint":false,"durationMs":0,"macroStack":[],"result":"failed","segment":1,"stackTrace":"java.lang.RuntimeException: There was an error while evaluating property \"url\"\r\n\tat org.getopentest.base.TestActor.evalObject(TestActor.java:1398)\r\n\tat org.getopentest.base.TestActor.executeActionByDef(TestActor.java:1699)\r\n\tat org.getopentest.base.TestActor.executeTestSegment(TestActor.java:2092)\r\n\tat org.getopentest.base.TestActor.runOneSession(TestActor.java:3077)\r\n\tat org.getopentest.base.TestActor.runOneSession(TestActor.java:3113)\r\n\tat org.getopentest.Main.main(Main.java:20)\r\nCaused by: java.lang.RuntimeException: Failed to evaluate JavaScript code at line number ?. The script content was: \n$dataRecord.url.LoginOneAppPROD.url\r\n\tat org.getopentest.base.TestActor.evalScript(TestActor.java:1490)\r\n\tat org.getopentest.base.TestActor.evalString(TestActor.java:1515)\r\n\tat org.getopentest.base.TestActor.evalObject(TestActor.java:1438)\r\n\tat org.getopentest.base.TestActor.evalObject(TestActor.java:1395)\r\n\t... 5 more\r\nCaused by: javax.script.ScriptException: ReferenceError: \"$dataRecord\" is not defined in <eval> at line number 1\r\n\tat jdk.scripting.nashorn/jdk.nashorn.api.scripting.NashornScriptEngine.throwAsScriptException(NashornScriptEngine.java:477)\r\n\tat jdk.scripting.nashorn/jdk.nashorn.api.scripting.NashornScriptEngine.evalImpl(NashornScriptEngine.java:461)\r\n\tat jdk.scripting.nashorn/jdk.nashorn.api.scripting.NashornScriptEngine.evalImpl(NashornScriptEngine.java:413)\r\n\tat jdk.scripting.nashorn/jdk.nashorn.api.scripting.NashornScriptEngine.evalImpl(NashornScriptEngine.java:409)\r\n\tat jdk.scripting.nashorn/jdk.nashorn.api.scripting.NashornScriptEngine.eval(NashornScriptEngine.java:162)\r\n\tat java.scripting/javax.script.AbstractScriptEngine.eval(AbstractScriptEngine.java:264)\r\n\tat org.getopentest.base.TestActor.evalScript(TestActor.java:1476)\r\n\t... 8 more\r\nCaused by: <eval>:1 ReferenceError: \"$dataRecord\" is not defined\r\n\tat jdk.scripting.nashorn/jdk.nashorn.internal.runtime.ECMAErrors.error(ECMAErrors.java:57)\r\n\tat jdk.scripting.nashorn/jdk.nashorn.internal.runtime.ECMAErrors.referenceError(ECMAErrors.java:319)\r\n\tat jdk.scripting.nashorn/jdk.nashorn.internal.runtime.ECMAErrors.referenceError(ECMAErrors.java:291)\r\n\tat jdk.scripting.nashorn/jdk.nashorn.internal.objects.Global.__noSuchProperty__(Global.java:1621)\r\n\tat jdk.scripting.nashorn.scripts/jdk.nashorn.internal.scripts.Script$Recompilation$183$\\^eval\\_/0x00000001003e8440.:program(<eval>:1)\r\n\tat jdk.scripting.nashorn/jdk.nashorn.internal.runtime.ScriptFunctionData.invoke(ScriptFunctionData.java:655)\r\n\tat jdk.scripting.nashorn/jdk.nashorn.internal.runtime.ScriptFunction.invoke(ScriptFunction.java:513)\r\n\tat jdk.scripting.nashorn/jdk.nashorn.internal.runtime.ScriptRuntime.apply(ScriptRuntime.java:527)\r\n\tat jdk.scripting.nashorn/jdk.nashorn.api.scripting.NashornScriptEngine.evalImpl(NashornScriptEngine.java:456)\r\n\t... 13 more\r\n"}],"currentIteration":1,"result":"failed","status":"completed","segments":[{"index":0,"result":"passed","status":"completed","timeStarted":1730833233936,"timeCompleted":1730833233943},{"index":1,"result":"failed","status":"completed","timeStarted":1730833233967,"timeCompleted":1730833234023}],"currentDataRecordIndex":0,"timeStarted":1730833233936,"timeCompleted":1730833234023}],"timeCompleted":1730833234023}],"timeCreated":1730833231061,"timeStarted":1730833233936,"timeCompleted":1730833234023,"lastActivity":1730833234023,"_id":"hj1LaINlQqimskMv","actorTags":[],"environment":"","currentDataRecordIndex":-1}
{"id":1730831998,"actors":{"29586":{"id":29586,"lastSeenTime":1730831993843,"testSessionId":1730831998,"type":"ACTOR1","tags":[],"_id":"mnGA96htOPrkjmjM","ip":"::ffff:127.0.0.1","tests":[{"currentSegmentIndex":1,"segments":[{"index":0,"status":"completed","timeStarted":1730831999671,"timeCompleted":1730831999680,"result":"passed"},{"index":1,"status":"completed","timeStarted":1730831999705,"timeCompleted":1730831999752,"result":"failed"}],"name":"logueo-mail","path":"logueo-mail","timeCompleted":null,"timeStarted":1730831999671}]}},"maxIterations":"1","currentIteration":1,"currentTestIndex":1,"currentSegmentIndex":0,"label":"oneApp-login 3","result":"failed","status":"completed","tests":[{"actions":[{"actorType":"ACTOR1","isCheckpoint":false,"durationMs":0,"macroStack":[],"result":"failed","segment":1,"stackTrace":"java.lang.RuntimeException: There was an error while evaluating property \"url\"\r\n\tat org.getopentest.base.TestActor.evalObject(TestActor.java:1398)\r\n\tat org.getopentest.base.TestActor.executeActionByDef(TestActor.java:1699)\r\n\tat org.getopentest.base.TestActor.executeTestSegment(TestActor.java:2092)\r\n\tat org.getopentest.base.TestActor.runOneSession(TestActor.java:3077)\r\n\tat org.getopentest.base.TestActor.runOneSession(TestActor.java:3113)\r\n\tat org.getopentest.Main.main(Main.java:20)\r\nCaused by: java.lang.RuntimeException: Failed to evaluate JavaScript code at line number ?. The script content was: \n$dataRecord.url.LoginOneAppPROD.url\r\n\tat org.getopentest.base.TestActor.evalScript(TestActor.java:1490)\r\n\tat org.getopentest.base.TestActor.evalString(TestActor.java:1515)\r\n\tat org.getopentest.base.TestActor.evalObject(TestActor.java:1438)\r\n\tat org.getopentest.base.TestActor.evalObject(TestActor.java:1395)\r\n\t... 5 more\r\nCaused by: javax.script.ScriptException: ReferenceError: \"$dataRecord\" is not defined in <eval> at line number 1\r\n\tat jdk.scripting.nashorn/jdk.nashorn.api.scripting.NashornScriptEngine.throwAsScriptException(NashornScriptEngine.java:477)\r\n\tat jdk.scripting.nashorn/jdk.nashorn.api.scripting.NashornScriptEngine.evalImpl(NashornScriptEngine.java:461)\r\n\tat jdk.scripting.nashorn/jdk.nashorn.api.scripting.NashornScriptEngine.evalImpl(NashornScriptEngine.java:413)\r\n\tat jdk.scripting.nashorn/jdk.nashorn.api.scripting.NashornScriptEngine.evalImpl(NashornScriptEngine.java:409)\r\n\tat jdk.scripting.nashorn/jdk.nashorn.api.scripting.NashornScriptEngine.eval(NashornScriptEngine.java:162)\r\n\tat java.scripting/javax.script.AbstractScriptEngine.eval(AbstractScriptEngine.java:264)\r\n\tat org.getopentest.base.TestActor.evalScript(TestActor.java:1476)\r\n\t... 8 more\r\nCaused by: <eval>:1 ReferenceError: \"$dataRecord\" is not defined\r\n\tat jdk.scripting.nashorn/jdk.nashorn.internal.runtime.ECMAErrors.error(ECMAErrors.java:57)\r\n\tat jdk.scripting.nashorn/jdk.nashorn.internal.runtime.ECMAErrors.referenceError(ECMAErrors.java:319)\r\n\tat jdk.scripting.nashorn/jdk.nashorn.internal.runtime.ECMAErrors.referenceError(ECMAErrors.java:291)\r\n\tat jdk.scripting.nashorn/jdk.nashorn.internal.objects.Global.__noSuchProperty__(Global.java:1621)\r\n\tat jdk.scripting.nashorn.scripts/jdk.nashorn.internal.scripts.Script$Recompilation$111$\\^eval\\_/0x00000001003b7040.:program(<eval>:1)\r\n\tat jdk.scripting.nashorn/jdk.nashorn.internal.runtime.ScriptFunctionData.invoke(ScriptFunctionData.java:655)\r\n\tat jdk.scripting.nashorn/jdk.nashorn.internal.runtime.ScriptFunction.invoke(ScriptFunction.java:513)\r\n\tat jdk.scripting.nashorn/jdk.nashorn.internal.runtime.ScriptRuntime.apply(ScriptRuntime.java:527)\r\n\tat jdk.scripting.nashorn/jdk.nashorn.api.scripting.NashornScriptEngine.evalImpl(NashornScriptEngine.java:456)\r\n\t... 13 more\r\n"}],"currentIteration":1,"currentSegmentIndex":0,"isDataDriven":true,"name":"logueo-mail","path":"logueo-mail","result":"failed","status":"completed","segments":[{"index":0,"result":"passed","status":"completed","timeStarted":1730831999671,"timeCompleted":1730831999680},{"index":1,"result":"failed","status":"completed","timeStarted":1730831999705,"timeCompleted":1730831999752}],"tags":[],"currentDataRecordIndex":0,"timeStarted":1730831999671,"subtests":[{"actions":[{"actorType":"ACTOR1","isCheckpoint":false,"durationMs":0,"macroStack":[],"result":"failed","segment":1,"stackTrace":"java.lang.RuntimeException: There was an error while evaluating property \"url\"\r\n\tat org.getopentest.base.TestActor.evalObject(TestActor.java:1398)\r\n\tat org.getopentest.base.TestActor.executeActionByDef(TestActor.java:1699)\r\n\tat org.getopentest.base.TestActor.executeTestSegment(TestActor.java:2092)\r\n\tat org.getopentest.base.TestActor.runOneSession(TestActor.java:3077)\r\n\tat org.getopentest.base.TestActor.runOneSession(TestActor.java:3113)\r\n\tat org.getopentest.Main.main(Main.java:20)\r\nCaused by: java.lang.RuntimeException: Failed to evaluate JavaScript code at line number ?. The script content was: \n$dataRecord.url.LoginOneAppPROD.url\r\n\tat org.getopentest.base.TestActor.evalScript(TestActor.java:1490)\r\n\tat org.getopentest.base.TestActor.evalString(TestActor.java:1515)\r\n\tat org.getopentest.base.TestActor.evalObject(TestActor.java:1438)\r\n\tat org.getopentest.base.TestActor.evalObject(TestActor.java:1395)\r\n\t... 5 more\r\nCaused by: javax.script.ScriptException: ReferenceError: \"$dataRecord\" is not defined in <eval> at line number 1\r\n\tat jdk.scripting.nashorn/jdk.nashorn.api.scripting.NashornScriptEngine.throwAsScriptException(NashornScriptEngine.java:477)\r\n\tat jdk.scripting.nashorn/jdk.nashorn.api.scripting.NashornScriptEngine.evalImpl(NashornScriptEngine.java:461)\r\n\tat jdk.scripting.nashorn/jdk.nashorn.api.scripting.NashornScriptEngine.evalImpl(NashornScriptEngine.java:413)\r\n\tat jdk.scripting.nashorn/jdk.nashorn.api.scripting.NashornScriptEngine.evalImpl(NashornScriptEngine.java:409)\r\n\tat jdk.scripting.nashorn/jdk.nashorn.api.scripting.NashornScriptEngine.eval(NashornScriptEngine.java:162)\r\n\tat java.scripting/javax.script.AbstractScriptEngine.eval(AbstractScriptEngine.java:264)\r\n\tat org.getopentest.base.TestActor.evalScript(TestActor.java:1476)\r\n\t... 8 more\r\nCaused by: <eval>:1 ReferenceError: \"$dataRecord\" is not defined\r\n\tat jdk.scripting.nashorn/jdk.nashorn.internal.runtime.ECMAErrors.error(ECMAErrors.java:57)\r\n\tat jdk.scripting.nashorn/jdk.nashorn.internal.runtime.ECMAErrors.referenceError(ECMAErrors.java:319)\r\n\tat jdk.scripting.nashorn/jdk.nashorn.internal.runtime.ECMAErrors.referenceError(ECMAErrors.java:291)\r\n\tat jdk.scripting.nashorn/jdk.nashorn.internal.objects.Global.__noSuchProperty__(Global.java:1621)\r\n\tat jdk.scripting.nashorn.scripts/jdk.nashorn.internal.scripts.Script$Recompilation$111$\\^eval\\_/0x00000001003b7040.:program(<eval>:1)\r\n\tat jdk.scripting.nashorn/jdk.nashorn.internal.runtime.ScriptFunctionData.invoke(ScriptFunctionData.java:655)\r\n\tat jdk.scripting.nashorn/jdk.nashorn.internal.runtime.ScriptFunction.invoke(ScriptFunction.java:513)\r\n\tat jdk.scripting.nashorn/jdk.nashorn.internal.runtime.ScriptRuntime.apply(ScriptRuntime.java:527)\r\n\tat jdk.scripting.nashorn/jdk.nashorn.api.scripting.NashornScriptEngine.evalImpl(NashornScriptEngine.java:456)\r\n\t... 13 more\r\n"}],"currentIteration":1,"result":"failed","status":"completed","segments":[{"index":0,"result":"passed","status":"completed","timeStarted":1730831999671,"timeCompleted":1730831999680},{"index":1,"result":"failed","status":"completed","timeStarted":1730831999705,"timeCompleted":1730831999752}],"currentDataRecordIndex":0,"timeStarted":1730831999671,"timeCompleted":1730831999752}],"timeCompleted":1730831999752}],"timeCreated":1730831998202,"timeStarted":1730831999671,"timeCompleted":1730831999752,"lastActivity":1730831999750,"_id":"lduqvuz57lzLh6xn","actorTags":[],"environment":"","currentDataRecordIndex":-1}
{"id":1730831704,"actors":{"29586":{"id":29586,"lastSeenTime":1730831702699,"testSessionId":1730831704,"type":"ACTOR1","tags":[],"_id":"mnGA96htOPrkjmjM","ip":"::ffff:127.0.0.1","tests":[{"currentSegmentIndex":1,"segments":[{"index":0,"status":"completed","timeStarted":1730831708697,"timeCompleted":1730831708703,"result":"passed"},{"index":1,"status":"completed","timeStarted":1730831708736,"timeCompleted":1730831708778,"result":"failed"}],"name":"logueo-mail","path":"logueo-mail","timeCompleted":null,"timeStarted":1730831708697}]}},"maxIterations":"1","currentIteration":1,"currentTestIndex":1,"currentSegmentIndex":0,"label":"oneApp-login","result":"failed","status":"completed","tests":[{"actions":[{"actorType":"ACTOR1","isCheckpoint":false,"durationMs":0,"macroStack":[],"result":"failed","segment":1,"stackTrace":"java.lang.RuntimeException: There was an error while evaluating property \"url\"\r\n\tat org.getopentest.base.TestActor.evalObject(TestActor.java:1398)\r\n\tat org.getopentest.base.TestActor.executeActionByDef(TestActor.java:1699)\r\n\tat org.getopentest.base.TestActor.executeTestSegment(TestActor.java:2092)\r\n\tat org.getopentest.base.TestActor.runOneSession(TestActor.java:3077)\r\n\tat org.getopentest.base.TestActor.runOneSession(TestActor.java:3113)\r\n\tat org.getopentest.Main.main(Main.java:20)\r\nCaused by: java.lang.RuntimeException: Failed to evaluate JavaScript code at line number ?. The script content was: \n$dataRecord.url.LoginOneAppPROD.url\r\n\tat org.getopentest.base.TestActor.evalScript(TestActor.java:1490)\r\n\tat org.getopentest.base.TestActor.evalString(TestActor.java:1515)\r\n\tat org.getopentest.base.TestActor.evalObject(TestActor.java:1438)\r\n\tat org.getopentest.base.TestActor.evalObject(TestActor.java:1395)\r\n\t... 5 more\r\nCaused by: javax.script.ScriptException: ReferenceError: \"$dataRecord\" is not defined in <eval> at line number 1\r\n\tat jdk.scripting.nashorn/jdk.nashorn.api.scripting.NashornScriptEngine.throwAsScriptException(NashornScriptEngine.java:477)\r\n\tat jdk.scripting.nashorn/jdk.nashorn.api.scripting.NashornScriptEngine.evalImpl(NashornScriptEngine.java:461)\r\n\tat jdk.scripting.nashorn/jdk.nashorn.api.scripting.NashornScriptEngine.evalImpl(NashornScriptEngine.java:413)\r\n\tat jdk.scripting.nashorn/jdk.nashorn.api.scripting.NashornScriptEngine.evalImpl(NashornScriptEngine.java:409)\r\n\tat jdk.scripting.nashorn/jdk.nashorn.api.scripting.NashornScriptEngine.eval(NashornScriptEngine.java:162)\r\n\tat java.scripting/javax.script.AbstractScriptEngine.eval(AbstractScriptEngine.java:264)\r\n\tat org.getopentest.base.TestActor.evalScript(TestActor.java:1476)\r\n\t... 8 more\r\nCaused by: <eval>:1 ReferenceError: \"$dataRecord\" is not defined\r\n\tat jdk.scripting.nashorn/jdk.nashorn.internal.runtime.ECMAErrors.error(ECMAErrors.java:57)\r\n\tat jdk.scripting.nashorn/jdk.nashorn.internal.runtime.ECMAErrors.referenceError(ECMAErrors.java:319)\r\n\tat jdk.scripting.nashorn/jdk.nashorn.internal.runtime.ECMAErrors.referenceError(ECMAErrors.java:291)\r\n\tat jdk.scripting.nashorn/jdk.nashorn.internal.objects.Global.__noSuchProperty__(Global.java:1621)\r\n\tat jdk.scripting.nashorn.scripts/jdk.nashorn.internal.scripts.Script$Recompilation$85$\\^eval\\_/0x0000000100394040.:program(<eval>:1)\r\n\tat jdk.scripting.nashorn/jdk.nashorn.internal.runtime.ScriptFunctionData.invoke(ScriptFunctionData.java:655)\r\n\tat jdk.scripting.nashorn/jdk.nashorn.internal.runtime.ScriptFunction.invoke(ScriptFunction.java:513)\r\n\tat jdk.scripting.nashorn/jdk.nashorn.internal.runtime.ScriptRuntime.apply(ScriptRuntime.java:527)\r\n\tat jdk.scripting.nashorn/jdk.nashorn.api.scripting.NashornScriptEngine.evalImpl(NashornScriptEngine.java:456)\r\n\t... 13 more\r\n"}],"currentIteration":1,"currentSegmentIndex":0,"isDataDriven":true,"name":"logueo-mail","path":"logueo-mail","result":"failed","status":"completed","segments":[{"index":0,"result":"passed","status":"completed","timeStarted":1730831708697,"timeCompleted":1730831708703},{"index":1,"result":"failed","status":"completed","timeStarted":1730831708736,"timeCompleted":1730831708778}],"tags":[],"currentDataRecordIndex":0,"timeStarted":1730831708697,"subtests":[{"actions":[{"actorType":"ACTOR1","isCheckpoint":false,"durationMs":0,"macroStack":[],"result":"failed","segment":1,"stackTrace":"java.lang.RuntimeException: There was an error while evaluating property \"url\"\r\n\tat org.getopentest.base.TestActor.evalObject(TestActor.java:1398)\r\n\tat org.getopentest.base.TestActor.executeActionByDef(TestActor.java:1699)\r\n\tat org.getopentest.base.TestActor.executeTestSegment(TestActor.java:2092)\r\n\tat org.getopentest.base.TestActor.runOneSession(TestActor.java:3077)\r\n\tat org.getopentest.base.TestActor.runOneSession(TestActor.java:3113)\r\n\tat org.getopentest.Main.main(Main.java:20)\r\nCaused by: java.lang.RuntimeException: Failed to evaluate JavaScript code at line number ?. The script content was: \n$dataRecord.url.LoginOneAppPROD.url\r\n\tat org.getopentest.base.TestActor.evalScript(TestActor.java:1490)\r\n\tat org.getopentest.base.TestActor.evalString(TestActor.java:1515)\r\n\tat org.getopentest.base.TestActor.evalObject(TestActor.java:1438)\r\n\tat org.getopentest.base.TestActor.evalObject(TestActor.java:1395)\r\n\t... 5 more\r\nCaused by: javax.script.ScriptException: ReferenceError: \"$dataRecord\" is not defined in <eval> at line number 1\r\n\tat jdk.scripting.nashorn/jdk.nashorn.api.scripting.NashornScriptEngine.throwAsScriptException(NashornScriptEngine.java:477)\r\n\tat jdk.scripting.nashorn/jdk.nashorn.api.scripting.NashornScriptEngine.evalImpl(NashornScriptEngine.java:461)\r\n\tat jdk.scripting.nashorn/jdk.nashorn.api.scripting.NashornScriptEngine.evalImpl(NashornScriptEngine.java:413)\r\n\tat jdk.scripting.nashorn/jdk.nashorn.api.scripting.NashornScriptEngine.evalImpl(NashornScriptEngine.java:409)\r\n\tat jdk.scripting.nashorn/jdk.nashorn.api.scripting.NashornScriptEngine.eval(NashornScriptEngine.java:162)\r\n\tat java.scripting/javax.script.AbstractScriptEngine.eval(AbstractScriptEngine.java:264)\r\n\tat org.getopentest.base.TestActor.evalScript(TestActor.java:1476)\r\n\t... 8 more\r\nCaused by: <eval>:1 ReferenceError: \"$dataRecord\" is not defined\r\n\tat jdk.scripting.nashorn/jdk.nashorn.internal.runtime.ECMAErrors.error(ECMAErrors.java:57)\r\n\tat jdk.scripting.nashorn/jdk.nashorn.internal.runtime.ECMAErrors.referenceError(ECMAErrors.java:319)\r\n\tat jdk.scripting.nashorn/jdk.nashorn.internal.runtime.ECMAErrors.referenceError(ECMAErrors.java:291)\r\n\tat jdk.scripting.nashorn/jdk.nashorn.internal.objects.Global.__noSuchProperty__(Global.java:1621)\r\n\tat jdk.scripting.nashorn.scripts/jdk.nashorn.internal.scripts.Script$Recompilation$85$\\^eval\\_/0x0000000100394040.:program(<eval>:1)\r\n\tat jdk.scripting.nashorn/jdk.nashorn.internal.runtime.ScriptFunctionData.invoke(ScriptFunctionData.java:655)\r\n\tat jdk.scripting.nashorn/jdk.nashorn.internal.runtime.ScriptFunction.invoke(ScriptFunction.java:513)\r\n\tat jdk.scripting.nashorn/jdk.nashorn.internal.runtime.ScriptRuntime.apply(ScriptRuntime.java:527)\r\n\tat jdk.scripting.nashorn/jdk.nashorn.api.scripting.NashornScriptEngine.evalImpl(NashornScriptEngine.java:456)\r\n\t... 13 more\r\n"}],"currentIteration":1,"result":"failed","status":"completed","segments":[{"index":0,"result":"passed","status":"completed","timeStarted":1730831708697,"timeCompleted":1730831708703},{"index":1,"result":"failed","status":"completed","timeStarted":1730831708736,"timeCompleted":1730831708778}],"currentDataRecordIndex":0,"timeStarted":1730831708697,"timeCompleted":1730831708778}],"timeCompleted":1730831708778}],"timeCreated":1730831703597,"timeStarted":1730831708697,"timeCompleted":1730831708778,"lastActivity":1730831708777,"_id":"zNCoYWsPAQLJGrkx","actorTags":[],"environment":"","currentDataRecordIndex":-1}
{"id":1730834454,"actors":{},"maxIterations":1,"currentIteration":1,"currentTestIndex":0,"currentSegmentIndex":0,"label":"oneApp-login 12","result":"pending","status":"acquiring-actors","tests":[],"timeCreated":1730834453879,"timeStarted":null,"timeCompleted":null,"lastActivity":1730834453879,"_id":"gBzYqY80cE7VyQJ7"}
{"id":1730834454,"actors":{},"maxIterations":"1","currentIteration":1,"currentTestIndex":0,"currentSegmentIndex":0,"label":"oneApp-login 12","result":"pending","status":"acquiring-actors","tests":[{"actions":[],"currentIteration":1,"currentSegmentIndex":0,"isDataDriven":true,"name":"logueo-mail","path":"logueo-mail","result":"pending","status":"pending","segments":[{"index":0,"result":"pending","status":"pending"},{"index":1,"result":"pending","status":"pending"}],"tags":[],"currentDataRecordIndex":0}],"timeCreated":1730834453879,"timeStarted":null,"timeCompleted":null,"lastActivity":1730834453879,"_id":"gBzYqY80cE7VyQJ7","actorTags":[],"environment":""}
{"id":1730834454,"actors":{"29586":{"id":29586,"lastSeenTime":1730834453075,"testSessionId":1730834454,"type":"ACTOR1","tags":[],"_id":"mnGA96htOPrkjmjM","ip":"::ffff:127.0.0.1","tests":[]}},"maxIterations":"1","currentIteration":1,"currentTestIndex":0,"currentSegmentIndex":0,"label":"oneApp-login 12","result":"pending","status":"started","tests":[{"actions":[],"currentIteration":1,"currentSegmentIndex":0,"isDataDriven":true,"name":"logueo-mail","path":"logueo-mail","result":"pending","status":"pending","segments":[{"index":0,"result":"pending","status":"pending"},{"index":1,"result":"pending","status":"pending"}],"tags":[],"currentDataRecordIndex":0}],"timeCreated":1730834453879,"timeStarted":null,"timeCompleted":null,"lastActivity":1730834453879,"_id":"gBzYqY80cE7VyQJ7","actorTags":[],"environment":""}
{"id":1730834454,"actors":{"29586":{"id":29586,"lastSeenTime":1730834453075,"testSessionId":1730834454,"type":"ACTOR1","tags":[],"_id":"mnGA96htOPrkjmjM","ip":"::ffff:127.0.0.1","tests":[{"currentSegmentIndex":0,"segments":[{"index":0,"status":"started","timeStarted":1730834458589,"timeCompleted":null,"result":"pending"}],"name":"logueo-mail","path":"logueo-mail","timeCompleted":null,"timeStarted":1730834458589}]}},"maxIterations":"1","currentIteration":1,"currentTestIndex":0,"currentSegmentIndex":0,"label":"oneApp-login 12","result":"pending","status":"started","tests":[{"actions":[],"currentIteration":1,"currentSegmentIndex":0,"isDataDriven":true,"name":"logueo-mail","path":"logueo-mail","result":"pending","status":"pending","segments":[{"index":0,"result":"pending","status":"pending","timeStarted":1730834458589},{"index":1,"result":"pending","status":"pending"}],"tags":[],"currentDataRecordIndex":0,"timeStarted":1730834458589}],"timeCreated":1730834453879,"timeStarted":1730834458589,"timeCompleted":null,"lastActivity":1730834458588,"_id":"gBzYqY80cE7VyQJ7","actorTags":[],"environment":""}
{"id":1730834454,"actors":{"29586":{"id":29586,"lastSeenTime":1730834453075,"testSessionId":1730834454,"type":"ACTOR1","tags":[],"_id":"mnGA96htOPrkjmjM","ip":"::ffff:127.0.0.1","tests":[{"currentSegmentIndex":0,"segments":[{"index":0,"status":"completed","timeStarted":1730834458589,"timeCompleted":1730834458599,"result":"passed"}],"name":"logueo-mail","path":"logueo-mail","timeCompleted":null,"timeStarted":1730834458589}]}},"maxIterations":"1","currentIteration":1,"currentTestIndex":0,"currentSegmentIndex":1,"label":"oneApp-login 12","result":"pending","status":"started","tests":[{"actions":[],"currentIteration":1,"currentSegmentIndex":0,"isDataDriven":true,"name":"logueo-mail","path":"logueo-mail","result":"pending","status":"pending","segments":[{"index":0,"result":"passed","status":"completed","timeStarted":1730834458589,"timeCompleted":1730834458599},{"index":1,"result":"pending","status":"pending"}],"tags":[],"currentDataRecordIndex":0,"timeStarted":1730834458589}],"timeCreated":1730834453879,"timeStarted":1730834458589,"timeCompleted":null,"lastActivity":1730834458598,"_id":"gBzYqY80cE7VyQJ7","actorTags":[],"environment":""}
{"id":1730834454,"actors":{"29586":{"id":29586,"lastSeenTime":1730834453075,"testSessionId":1730834454,"type":"ACTOR1","tags":[],"_id":"mnGA96htOPrkjmjM","ip":"::ffff:127.0.0.1","tests":[{"currentSegmentIndex":1,"segments":[{"index":0,"status":"completed","timeStarted":1730834458589,"timeCompleted":1730834458599,"result":"passed"},{"index":1,"status":"started","timeStarted":1730834458618,"timeCompleted":null,"result":"pending"}],"name":"logueo-mail","path":"logueo-mail","timeCompleted":null,"timeStarted":1730834458589}]}},"maxIterations":"1","currentIteration":1,"currentTestIndex":0,"currentSegmentIndex":1,"label":"oneApp-login 12","result":"pending","status":"started","tests":[{"actions":[],"currentIteration":1,"currentSegmentIndex":0,"isDataDriven":true,"name":"logueo-mail","path":"logueo-mail","result":"pending","status":"pending","segments":[{"index":0,"result":"passed","status":"completed","timeStarted":1730834458589,"timeCompleted":1730834458599},{"index":1,"result":"pending","status":"pending","timeStarted":1730834458618}],"tags":[],"currentDataRecordIndex":0,"timeStarted":1730834458589}],"timeCreated":1730834453879,"timeStarted":1730834458589,"timeCompleted":null,"lastActivity":1730834458617,"_id":"gBzYqY80cE7VyQJ7","actorTags":[],"environment":""}
{"id":1730834454,"actors":{"29586":{"id":29586,"lastSeenTime":1730834453075,"testSessionId":1730834454,"type":"ACTOR1","tags":[],"_id":"mnGA96htOPrkjmjM","ip":"::ffff:127.0.0.1","tests":[{"currentSegmentIndex":1,"segments":[{"index":0,"status":"completed","timeStarted":1730834458589,"timeCompleted":1730834458599,"result":"passed"},{"index":1,"status":"completed","timeStarted":1730834458618,"timeCompleted":1730834458639,"result":"failed"}],"name":"logueo-mail","path":"logueo-mail","timeCompleted":null,"timeStarted":1730834458589}]}},"maxIterations":"1","currentIteration":1,"currentTestIndex":1,"currentSegmentIndex":0,"label":"oneApp-login 12","result":"pending","status":"started","tests":[{"actions":[{"actorType":"ACTOR1","isCheckpoint":false,"durationMs":0,"macroStack":[],"result":"failed","segment":1,"stackTrace":"java.lang.RuntimeException: There was an error while evaluating property \"url\"\r\n\tat org.getopentest.base.TestActor.evalObject(TestActor.java:1398)\r\n\tat org.getopentest.base.TestActor.executeActionByDef(TestActor.java:1699)\r\n\tat org.getopentest.base.TestActor.executeTestSegment(TestActor.java:2092)\r\n\tat org.getopentest.base.TestActor.runOneSession(TestActor.java:3077)\r\n\tat org.getopentest.base.TestActor.runOneSession(TestActor.java:3113)\r\n\tat org.getopentest.Main.main(Main.java:20)\r\nCaused by: java.lang.RuntimeException: Failed to evaluate JavaScript code at line number ?. The script content was: \n$dataRecord.url\r\n\tat org.getopentest.base.TestActor.evalScript(TestActor.java:1490)\r\n\tat org.getopentest.base.TestActor.evalString(TestActor.java:1515)\r\n\tat org.getopentest.base.TestActor.evalObject(TestActor.java:1438)\r\n\tat org.getopentest.base.TestActor.evalObject(TestActor.java:1395)\r\n\t... 5 more\r\nCaused by: javax.script.ScriptException: ReferenceError: \"$dataRecord\" is not defined in <eval> at line number 1\r\n\tat jdk.scripting.nashorn/jdk.nashorn.api.scripting.NashornScriptEngine.throwAsScriptException(NashornScriptEngine.java:477)\r\n\tat jdk.scripting.nashorn/jdk.nashorn.api.scripting.NashornScriptEngine.evalImpl(NashornScriptEngine.java:461)\r\n\tat jdk.scripting.nashorn/jdk.nashorn.api.scripting.NashornScriptEngine.evalImpl(NashornScriptEngine.java:413)\r\n\tat jdk.scripting.nashorn/jdk.nashorn.api.scripting.NashornScriptEngine.evalImpl(NashornScriptEngine.java:409)\r\n\tat jdk.scripting.nashorn/jdk.nashorn.api.scripting.NashornScriptEngine.eval(NashornScriptEngine.java:162)\r\n\tat java.scripting/javax.script.AbstractScriptEngine.eval(AbstractScriptEngine.java:264)\r\n\tat org.getopentest.base.TestActor.evalScript(TestActor.java:1476)\r\n\t... 8 more\r\nCaused by: <eval>:1 ReferenceError: \"$dataRecord\" is not defined\r\n\tat jdk.scripting.nashorn/jdk.nashorn.internal.runtime.ECMAErrors.error(ECMAErrors.java:57)\r\n\tat jdk.scripting.nashorn/jdk.nashorn.internal.runtime.ECMAErrors.referenceError(ECMAErrors.java:319)\r\n\tat jdk.scripting.nashorn/jdk.nashorn.internal.runtime.ECMAErrors.referenceError(ECMAErrors.java:291)\r\n\tat jdk.scripting.nashorn/jdk.nashorn.internal.objects.Global.__noSuchProperty__(Global.java:1621)\r\n\tat jdk.scripting.nashorn.scripts/jdk.nashorn.internal.scripts.Script$Recompilation$231$\\^eval\\_/0x00000001003f7840.:program(<eval>:1)\r\n\tat jdk.scripting.nashorn/jdk.nashorn.internal.runtime.ScriptFunctionData.invoke(ScriptFunctionData.java:655)\r\n\tat jdk.scripting.nashorn/jdk.nashorn.internal.runtime.ScriptFunction.invoke(ScriptFunction.java:513)\r\n\tat jdk.scripting.nashorn/jdk.nashorn.internal.runtime.ScriptRuntime.apply(ScriptRuntime.java:527)\r\n\tat jdk.scripting.nashorn/jdk.nashorn.api.scripting.NashornScriptEngine.evalImpl(NashornScriptEngine.java:456)\r\n\t... 13 more\r\n"}],"currentIteration":1,"currentSegmentIndex":0,"isDataDriven":true,"name":"logueo-mail","path":"logueo-mail","result":"failed","status":"completed","segments":[{"index":0,"result":"passed","status":"completed","timeStarted":1730834458589,"timeCompleted":1730834458599},{"index":1,"result":"failed","status":"completed","timeStarted":1730834458618,"timeCompleted":1730834458639}],"tags":[],"currentDataRecordIndex":0,"timeStarted":1730834458589,"subtests":[{"actions":[{"actorType":"ACTOR1","isCheckpoint":false,"durationMs":0,"macroStack":[],"result":"failed","segment":1,"stackTrace":"java.lang.RuntimeException: There was an error while evaluating property \"url\"\r\n\tat org.getopentest.base.TestActor.evalObject(TestActor.java:1398)\r\n\tat org.getopentest.base.TestActor.executeActionByDef(TestActor.java:1699)\r\n\tat org.getopentest.base.TestActor.executeTestSegment(TestActor.java:2092)\r\n\tat org.getopentest.base.TestActor.runOneSession(TestActor.java:3077)\r\n\tat org.getopentest.base.TestActor.runOneSession(TestActor.java:3113)\r\n\tat org.getopentest.Main.main(Main.java:20)\r\nCaused by: java.lang.RuntimeException: Failed to evaluate JavaScript code at line number ?. The script content was: \n$dataRecord.url\r\n\tat org.getopentest.base.TestActor.evalScript(TestActor.java:1490)\r\n\tat org.getopentest.base.TestActor.evalString(TestActor.java:1515)\r\n\tat org.getopentest.base.TestActor.evalObject(TestActor.java:1438)\r\n\tat org.getopentest.base.TestActor.evalObject(TestActor.java:1395)\r\n\t... 5 more\r\nCaused by: javax.script.ScriptException: ReferenceError: \"$dataRecord\" is not defined in <eval> at line number 1\r\n\tat jdk.scripting.nashorn/jdk.nashorn.api.scripting.NashornScriptEngine.throwAsScriptException(NashornScriptEngine.java:477)\r\n\tat jdk.scripting.nashorn/jdk.nashorn.api.scripting.NashornScriptEngine.evalImpl(NashornScriptEngine.java:461)\r\n\tat jdk.scripting.nashorn/jdk.nashorn.api.scripting.NashornScriptEngine.evalImpl(NashornScriptEngine.java:413)\r\n\tat jdk.scripting.nashorn/jdk.nashorn.api.scripting.NashornScriptEngine.evalImpl(NashornScriptEngine.java:409)\r\n\tat jdk.scripting.nashorn/jdk.nashorn.api.scripting.NashornScriptEngine.eval(NashornScriptEngine.java:162)\r\n\tat java.scripting/javax.script.AbstractScriptEngine.eval(AbstractScriptEngine.java:264)\r\n\tat org.getopentest.base.TestActor.evalScript(TestActor.java:1476)\r\n\t... 8 more\r\nCaused by: <eval>:1 ReferenceError: \"$dataRecord\" is not defined\r\n\tat jdk.scripting.nashorn/jdk.nashorn.internal.runtime.ECMAErrors.error(ECMAErrors.java:57)\r\n\tat jdk.scripting.nashorn/jdk.nashorn.internal.runtime.ECMAErrors.referenceError(ECMAErrors.java:319)\r\n\tat jdk.scripting.nashorn/jdk.nashorn.internal.runtime.ECMAErrors.referenceError(ECMAErrors.java:291)\r\n\tat jdk.scripting.nashorn/jdk.nashorn.internal.objects.Global.__noSuchProperty__(Global.java:1621)\r\n\tat jdk.scripting.nashorn.scripts/jdk.nashorn.internal.scripts.Script$Recompilation$231$\\^eval\\_/0x00000001003f7840.:program(<eval>:1)\r\n\tat jdk.scripting.nashorn/jdk.nashorn.internal.runtime.ScriptFunctionData.invoke(ScriptFunctionData.java:655)\r\n\tat jdk.scripting.nashorn/jdk.nashorn.internal.runtime.ScriptFunction.invoke(ScriptFunction.java:513)\r\n\tat jdk.scripting.nashorn/jdk.nashorn.internal.runtime.ScriptRuntime.apply(ScriptRuntime.java:527)\r\n\tat jdk.scripting.nashorn/jdk.nashorn.api.scripting.NashornScriptEngine.evalImpl(NashornScriptEngine.java:456)\r\n\t... 13 more\r\n"}],"currentIteration":1,"result":"failed","status":"completed","segments":[{"index":0,"result":"passed","status":"completed","timeStarted":1730834458589,"timeCompleted":1730834458599},{"index":1,"result":"failed","status":"completed","timeStarted":1730834458618,"timeCompleted":1730834458639}],"currentDataRecordIndex":0,"timeStarted":1730834458589,"timeCompleted":1730834458639}],"timeCompleted":1730834458639}],"timeCreated":1730834453879,"timeStarted":1730834458589,"timeCompleted":null,"lastActivity":1730834458638,"_id":"gBzYqY80cE7VyQJ7","actorTags":[],"environment":"","currentDataRecordIndex":-1}
{"id":1730834454,"actors":{"29586":{"id":29586,"lastSeenTime":1730834453075,"testSessionId":1730834454,"type":"ACTOR1","tags":[],"_id":"mnGA96htOPrkjmjM","ip":"::ffff:127.0.0.1","tests":[{"currentSegmentIndex":1,"segments":[{"index":0,"status":"completed","timeStarted":1730834458589,"timeCompleted":1730834458599,"result":"passed"},{"index":1,"status":"completed","timeStarted":1730834458618,"timeCompleted":1730834458639,"result":"failed"}],"name":"logueo-mail","path":"logueo-mail","timeCompleted":null,"timeStarted":1730834458589}]}},"maxIterations":"1","currentIteration":1,"currentTestIndex":1,"currentSegmentIndex":0,"label":"oneApp-login 12","result":"failed","status":"completed","tests":[{"actions":[{"actorType":"ACTOR1","isCheckpoint":false,"durationMs":0,"macroStack":[],"result":"failed","segment":1,"stackTrace":"java.lang.RuntimeException: There was an error while evaluating property \"url\"\r\n\tat org.getopentest.base.TestActor.evalObject(TestActor.java:1398)\r\n\tat org.getopentest.base.TestActor.executeActionByDef(TestActor.java:1699)\r\n\tat org.getopentest.base.TestActor.executeTestSegment(TestActor.java:2092)\r\n\tat org.getopentest.base.TestActor.runOneSession(TestActor.java:3077)\r\n\tat org.getopentest.base.TestActor.runOneSession(TestActor.java:3113)\r\n\tat org.getopentest.Main.main(Main.java:20)\r\nCaused by: java.lang.RuntimeException: Failed to evaluate JavaScript code at line number ?. The script content was: \n$dataRecord.url\r\n\tat org.getopentest.base.TestActor.evalScript(TestActor.java:1490)\r\n\tat org.getopentest.base.TestActor.evalString(TestActor.java:1515)\r\n\tat org.getopentest.base.TestActor.evalObject(TestActor.java:1438)\r\n\tat org.getopentest.base.TestActor.evalObject(TestActor.java:1395)\r\n\t... 5 more\r\nCaused by: javax.script.ScriptException: ReferenceError: \"$dataRecord\" is not defined in <eval> at line number 1\r\n\tat jdk.scripting.nashorn/jdk.nashorn.api.scripting.NashornScriptEngine.throwAsScriptException(NashornScriptEngine.java:477)\r\n\tat jdk.scripting.nashorn/jdk.nashorn.api.scripting.NashornScriptEngine.evalImpl(NashornScriptEngine.java:461)\r\n\tat jdk.scripting.nashorn/jdk.nashorn.api.scripting.NashornScriptEngine.evalImpl(NashornScriptEngine.java:413)\r\n\tat jdk.scripting.nashorn/jdk.nashorn.api.scripting.NashornScriptEngine.evalImpl(NashornScriptEngine.java:409)\r\n\tat jdk.scripting.nashorn/jdk.nashorn.api.scripting.NashornScriptEngine.eval(NashornScriptEngine.java:162)\r\n\tat java.scripting/javax.script.AbstractScriptEngine.eval(AbstractScriptEngine.java:264)\r\n\tat org.getopentest.base.TestActor.evalScript(TestActor.java:1476)\r\n\t... 8 more\r\nCaused by: <eval>:1 ReferenceError: \"$dataRecord\" is not defined\r\n\tat jdk.scripting.nashorn/jdk.nashorn.internal.runtime.ECMAErrors.error(ECMAErrors.java:57)\r\n\tat jdk.scripting.nashorn/jdk.nashorn.internal.runtime.ECMAErrors.referenceError(ECMAErrors.java:319)\r\n\tat jdk.scripting.nashorn/jdk.nashorn.internal.runtime.ECMAErrors.referenceError(ECMAErrors.java:291)\r\n\tat jdk.scripting.nashorn/jdk.nashorn.internal.objects.Global.__noSuchProperty__(Global.java:1621)\r\n\tat jdk.scripting.nashorn.scripts/jdk.nashorn.internal.scripts.Script$Recompilation$231$\\^eval\\_/0x00000001003f7840.:program(<eval>:1)\r\n\tat jdk.scripting.nashorn/jdk.nashorn.internal.runtime.ScriptFunctionData.invoke(ScriptFunctionData.java:655)\r\n\tat jdk.scripting.nashorn/jdk.nashorn.internal.runtime.ScriptFunction.invoke(ScriptFunction.java:513)\r\n\tat jdk.scripting.nashorn/jdk.nashorn.internal.runtime.ScriptRuntime.apply(ScriptRuntime.java:527)\r\n\tat jdk.scripting.nashorn/jdk.nashorn.api.scripting.NashornScriptEngine.evalImpl(NashornScriptEngine.java:456)\r\n\t... 13 more\r\n"}],"currentIteration":1,"currentSegmentIndex":0,"isDataDriven":true,"name":"logueo-mail","path":"logueo-mail","result":"failed","status":"completed","segments":[{"index":0,"result":"passed","status":"completed","timeStarted":1730834458589,"timeCompleted":1730834458599},{"index":1,"result":"failed","status":"completed","timeStarted":1730834458618,"timeCompleted":1730834458639}],"tags":[],"currentDataRecordIndex":0,"timeStarted":1730834458589,"subtests":[{"actions":[{"actorType":"ACTOR1","isCheckpoint":false,"durationMs":0,"macroStack":[],"result":"failed","segment":1,"stackTrace":"java.lang.RuntimeException: There was an error while evaluating property \"url\"\r\n\tat org.getopentest.base.TestActor.evalObject(TestActor.java:1398)\r\n\tat org.getopentest.base.TestActor.executeActionByDef(TestActor.java:1699)\r\n\tat org.getopentest.base.TestActor.executeTestSegment(TestActor.java:2092)\r\n\tat org.getopentest.base.TestActor.runOneSession(TestActor.java:3077)\r\n\tat org.getopentest.base.TestActor.runOneSession(TestActor.java:3113)\r\n\tat org.getopentest.Main.main(Main.java:20)\r\nCaused by: java.lang.RuntimeException: Failed to evaluate JavaScript code at line number ?. The script content was: \n$dataRecord.url\r\n\tat org.getopentest.base.TestActor.evalScript(TestActor.java:1490)\r\n\tat org.getopentest.base.TestActor.evalString(TestActor.java:1515)\r\n\tat org.getopentest.base.TestActor.evalObject(TestActor.java:1438)\r\n\tat org.getopentest.base.TestActor.evalObject(TestActor.java:1395)\r\n\t... 5 more\r\nCaused by: javax.script.ScriptException: ReferenceError: \"$dataRecord\" is not defined in <eval> at line number 1\r\n\tat jdk.scripting.nashorn/jdk.nashorn.api.scripting.NashornScriptEngine.throwAsScriptException(NashornScriptEngine.java:477)\r\n\tat jdk.scripting.nashorn/jdk.nashorn.api.scripting.NashornScriptEngine.evalImpl(NashornScriptEngine.java:461)\r\n\tat jdk.scripting.nashorn/jdk.nashorn.api.scripting.NashornScriptEngine.evalImpl(NashornScriptEngine.java:413)\r\n\tat jdk.scripting.nashorn/jdk.nashorn.api.scripting.NashornScriptEngine.evalImpl(NashornScriptEngine.java:409)\r\n\tat jdk.scripting.nashorn/jdk.nashorn.api.scripting.NashornScriptEngine.eval(NashornScriptEngine.java:162)\r\n\tat java.scripting/javax.script.AbstractScriptEngine.eval(AbstractScriptEngine.java:264)\r\n\tat org.getopentest.base.TestActor.evalScript(TestActor.java:1476)\r\n\t... 8 more\r\nCaused by: <eval>:1 ReferenceError: \"$dataRecord\" is not defined\r\n\tat jdk.scripting.nashorn/jdk.nashorn.internal.runtime.ECMAErrors.error(ECMAErrors.java:57)\r\n\tat jdk.scripting.nashorn/jdk.nashorn.internal.runtime.ECMAErrors.referenceError(ECMAErrors.java:319)\r\n\tat jdk.scripting.nashorn/jdk.nashorn.internal.runtime.ECMAErrors.referenceError(ECMAErrors.java:291)\r\n\tat jdk.scripting.nashorn/jdk.nashorn.internal.objects.Global.__noSuchProperty__(Global.java:1621)\r\n\tat jdk.scripting.nashorn.scripts/jdk.nashorn.internal.scripts.Script$Recompilation$231$\\^eval\\_/0x00000001003f7840.:program(<eval>:1)\r\n\tat jdk.scripting.nashorn/jdk.nashorn.internal.runtime.ScriptFunctionData.invoke(ScriptFunctionData.java:655)\r\n\tat jdk.scripting.nashorn/jdk.nashorn.internal.runtime.ScriptFunction.invoke(ScriptFunction.java:513)\r\n\tat jdk.scripting.nashorn/jdk.nashorn.internal.runtime.ScriptRuntime.apply(ScriptRuntime.java:527)\r\n\tat jdk.scripting.nashorn/jdk.nashorn.api.scripting.NashornScriptEngine.evalImpl(NashornScriptEngine.java:456)\r\n\t... 13 more\r\n"}],"currentIteration":1,"result":"failed","status":"completed","segments":[{"index":0,"result":"passed","status":"completed","timeStarted":1730834458589,"timeCompleted":1730834458599},{"index":1,"result":"failed","status":"completed","timeStarted":1730834458618,"timeCompleted":1730834458639}],"currentDataRecordIndex":0,"timeStarted":1730834458589,"timeCompleted":1730834458639}],"timeCompleted":1730834458639}],"timeCreated":1730834453879,"timeStarted":1730834458589,"timeCompleted":1730834458639,"lastActivity":1730834458638,"_id":"gBzYqY80cE7VyQJ7","actorTags":[],"environment":"","currentDataRecordIndex":-1}
